#
# There is insufficient memory for the Java Runtime Environment to continue.
# Native memory allocation (mmap) failed to map 332398592 bytes for committing reserved memory.
# Possible reasons:
#   The system is out of physical RAM or swap space
#   The process is running with CompressedOops enabled, and the Java Heap may be blocking the growth of the native heap
# Possible solutions:
#   Reduce memory load on the system
#   Increase physical memory or swap space
#   Check if swap backing store is full
#   Decrease Java heap size (-Xmx/-Xms)
#   Decrease number of Java threads
#   Decrease Java thread stack sizes (-Xss)
#   Set larger code cache with -XX:ReservedCodeCacheSize=
#   JVM is running with Unscaled Compressed Oops mode in which the Java heap is
#     placed in the first 4GB address space. The Java Heap base address is the
#     maximum limit for the native heap growth. Please use -XX:HeapBaseMinAddress
#     to set the Java Heap base and to place the Java Heap above 4GB virtual address.
# This output file may be truncated or incomplete.
#
#  Out of Memory Error (os_linux.cpp:2706), pid=12460, tid=12481
#
# JRE version: OpenJDK Runtime Environment (10.0.2+13) (build 10.0.2+13-Ubuntu-1ubuntu0.18.04.4)
# Java VM: OpenJDK 64-Bit Server VM (10.0.2+13-Ubuntu-1ubuntu0.18.04.4, mixed mode, tiered, compressed oops, g1 gc, linux-amd64)
# No core dump will be written. Core dumps have been disabled. To enable core dumping, try "ulimit -c unlimited" before starting Java again
#

---------------  S U M M A R Y ------------

Command Line: --add-opens=java.base/java.util=ALL-UNNAMED -XX:+HeapDumpOnOutOfMemoryError -Xmx1024m -Dfile.encoding=UTF-8 -Duser.country=BR -Duser.language=pt -Duser.variant org.gradle.launcher.daemon.bootstrap.GradleDaemon 4.10.2

Host: Intel(R) Core(TM) i7-3520M CPU @ 2.90GHz, 4 cores, 7G, Linux Mint 19 Tara
Time: Sat Apr 13 17:38:51 2019 -03 elapsed time: 10406 seconds (0d 2h 53m 26s)

---------------  T H R E A D  ---------------

Current thread (0x00007f802c110800):  VMThread "VM Thread" [stack: 0x00007f80105a7000,0x00007f80106a7000] [id=12481]

Stack: [0x00007f80105a7000,0x00007f80106a7000],  sp=0x00007f80106a50a0,  free space=1016k
Native frames: (J=compiled Java code, A=aot compiled Java code, j=interpreted, Vv=VM code, C=native code)
V  [libjvm.so+0xd27ea4]
V  [libjvm.so+0xd28a4b]
V  [libjvm.so+0x64d415]
V  [libjvm.so+0xb2d7c8]
V  [libjvm.so+0xb2601d]
V  [libjvm.so+0x7662ff]
V  [libjvm.so+0x76653e]
V  [libjvm.so+0x769500]
V  [libjvm.so+0x7efa1c]
V  [libjvm.so+0x7f06df]
V  [libjvm.so+0x7f0b59]
V  [libjvm.so+0x7162cf]
V  [libjvm.so+0x71a3ba]
V  [libjvm.so+0xd3a008]
V  [libjvm.so+0xd38871]
V  [libjvm.so+0xd35b3b]
V  [libjvm.so+0xd3715e]
V  [libjvm.so+0xd37588]
V  [libjvm.so+0xb33d40]

VM_Operation (0x00007f7f8f027530): G1IncCollectionPause, mode: safepoint, requested by thread 0x00007f7fec03e000


---------------  P R O C E S S  ---------------

Threads class SMR info:
_java_thread_list=0x00007f7f980019a0, length=55, elements={
0x00007f802c011800, 0x00007f802c11a800, 0x00007f802c11c800, 0x00007f802c125800,
0x00007f802c130000, 0x00007f802c132000, 0x00007f802c134000, 0x00007f802c136000,
0x00007f802c200800, 0x00007f802c203000, 0x00007f802ce9a800, 0x00007f802cecd800,
0x00007f7fa0170000, 0x00007f7fa0150800, 0x00007f7fa0305800, 0x00007f7fa0846000,
0x00007f7fa1310000, 0x00007f7fa15f7000, 0x00007f7fd8028000, 0x00007f7fd8036800,
0x00007f7fac02c000, 0x00007f7fa8006800, 0x00007f7fa800e800, 0x00007f7fa8009000,
0x00007f8008020800, 0x00007f8008025000, 0x00007f8008026800, 0x00007f8008024800,
0x00007f8008023800, 0x00007f8008033800, 0x00007f8008095800, 0x00007f8008096000,
0x00007f8008097000, 0x00007f800809a800, 0x00007f80080a9000, 0x00007f80080e2000,
0x00007f80080e3000, 0x00007f80080e4000, 0x00007f7fac031800, 0x00007f7fac032000,
0x00007f8008057800, 0x00007f800806c000, 0x00007f800857c800, 0x00007f7fd4012800,
0x00007f8008130000, 0x00007f7fcc00f000, 0x00007f7fec033000, 0x00007f7fcc054800,
0x00007f7fec035000, 0x00007f7fec037000, 0x00007f7ff0016800, 0x00007f7ff0018800,
0x00007f7fcc055000, 0x00007f7fcc056000, 0x00007f7fec03e000
}

Java Threads: ( => current thread )
  0x00007f802c011800 JavaThread "main" [_thread_blocked, id=12462, stack(0x00007f803637d000,0x00007f803647e000)]
  0x00007f802c11a800 JavaThread "Reference Handler" daemon [_thread_blocked, id=12482, stack(0x00007f80104a4000,0x00007f80105a5000)]
  0x00007f802c11c800 JavaThread "Finalizer" daemon [_thread_blocked, id=12483, stack(0x00007f80103a3000,0x00007f80104a4000)]
  0x00007f802c125800 JavaThread "Signal Dispatcher" daemon [_thread_blocked, id=12484, stack(0x00007f7fe36ff000,0x00007f7fe3800000)]
  0x00007f802c130000 JavaThread "C2 CompilerThread0" daemon [_thread_blocked, id=12485, stack(0x00007f7fe35fe000,0x00007f7fe36ff000)]
  0x00007f802c132000 JavaThread "C2 CompilerThread1" daemon [_thread_blocked, id=12486, stack(0x00007f7fe34fd000,0x00007f7fe35fe000)]
  0x00007f802c134000 JavaThread "C1 CompilerThread2" daemon [_thread_blocked, id=12487, stack(0x00007f7fe33fc000,0x00007f7fe34fd000)]
  0x00007f802c136000 JavaThread "Sweeper thread" daemon [_thread_blocked, id=12488, stack(0x00007f7fe32fb000,0x00007f7fe33fc000)]
  0x00007f802c200800 JavaThread "Common-Cleaner" daemon [_thread_blocked, id=12491, stack(0x00007f7fe31fa000,0x00007f7fe32fb000)]
  0x00007f802c203000 JavaThread "Service Thread" daemon [_thread_blocked, id=12492, stack(0x00007f7fe30f9000,0x00007f7fe31fa000)]
  0x00007f802ce9a800 JavaThread "Incoming local TCP Connector on port 45231" [_thread_in_native, id=12573, stack(0x00007f7fe1cba000,0x00007f7fe1dbb000)]
  0x00007f802cecd800 JavaThread "Daemon periodic checks" [_thread_blocked, id=12576, stack(0x00007f7fe1bb9000,0x00007f7fe1cba000)]
  0x00007f7fa0170000 JavaThread "Cache worker for file hash cache (/home/danillom/.gradle/caches/4.10.2/fileHashes)" [_thread_blocked, id=12620, stack(0x00007f7fe10b2000,0x00007f7fe11b3000)]
  0x00007f7fa0150800 JavaThread "File lock request listener" [_thread_in_native, id=12626, stack(0x00007f7fe0fb1000,0x00007f7fe10b2000)]
  0x00007f7fa0305800 JavaThread "Cache worker for journal cache (/home/danillom/.gradle/caches/journal-1)" [_thread_blocked, id=12651, stack(0x00007f7fe0daf000,0x00007f7fe0eb0000)]
  0x00007f7fa0846000 JavaThread "Cache worker for Artifact transforms cache (/home/danillom/.gradle/caches/transforms-1)" [_thread_blocked, id=12846, stack(0x00007f7f93dfe000,0x00007f7f93eff000)]
  0x00007f7fa1310000 JavaThread "Memory manager" [_thread_blocked, id=13354, stack(0x00007f7f91df8000,0x00007f7f91ef9000)]
  0x00007f7fa15f7000 JavaThread "Cache worker for file content cache (/home/danillom/.gradle/caches/4.10.2/fileContent)" [_thread_blocked, id=13404, stack(0x00007f7f91886000,0x00007f7f91987000)]
  0x00007f7fd8028000 JavaThread "Monitor" [_thread_in_native, id=13610, stack(0x00007f7f9052f000,0x00007f7f90630000)]
  0x00007f7fd8036800 JavaThread "Device List Monitor" [_thread_in_native, id=13751, stack(0x00007f7f9032d000,0x00007f7f9042e000)]
  0x00007f7fac02c000 JavaThread "Daemon Thread 2" [_thread_blocked, id=31010, stack(0x00007f7fe1ab8000,0x00007f7fe1bb9000)]
  0x00007f7fa8006800 JavaThread "Handler for socket connection from /0:0:0:0:0:0:0:1:45231 to /0:0:0:0:0:0:0:1:37652" [_thread_in_native, id=31011, stack(0x00007f7fe17b5000,0x00007f7fe18b6000)]
  0x00007f7fa800e800 JavaThread "Cancel handler" [_thread_blocked, id=31025, stack(0x00007f7f932f9000,0x00007f7f933fa000)]
  0x00007f7fa8009000 JavaThread "Daemon worker Thread 2" [_thread_blocked, id=31026, stack(0x00007f7fe19b7000,0x00007f7fe1ab8000)]
  0x00007f8008020800 JavaThread "Asynchronous log dispatcher for DefaultDaemonConnection: socket connection from /0:0:0:0:0:0:0:1:45231 to /0:0:0:0:0:0:0:1:37652" [_thread_blocked, id=31027, stack(0x00007f7fe18b6000,0x00007f7fe19b7000)]
  0x00007f8008025000 JavaThread "Stdin handler" [_thread_blocked, id=31028, stack(0x00007f7fe16b4000,0x00007f7fe17b5000)]
  0x00007f8008026800 JavaThread "Cache worker for file hash cache (/home/danillom/workspace/AwesomeProject/android/.gradle/4.10.2/fileHashes)" [_thread_blocked, id=31031, stack(0x00007f7fe13b3000,0x00007f7fe14b4000)]
  0x00007f8008024800 JavaThread "Cache worker for cache directory md-supplier (/home/danillom/.gradle/caches/4.10.2/md-supplier)" [_thread_blocked, id=31038, stack(0x00007f7f939fc000,0x00007f7f93afd000)]
  0x00007f8008023800 JavaThread "Cache worker for cache directory md-rule (/home/danillom/.gradle/caches/4.10.2/md-rule)" [_thread_blocked, id=31041, stack(0x00007f7f93afd000,0x00007f7f93bfe000)]
  0x00007f8008033800 JavaThread "Build operations" [_thread_blocked, id=31063, stack(0x00007f7f938fb000,0x00007f7f939fc000)]
  0x00007f8008095800 JavaThread "Build operations Thread 2" [_thread_blocked, id=31064, stack(0x00007f7f937fa000,0x00007f7f938fb000)]
  0x00007f8008096000 JavaThread "Build operations Thread 3" [_thread_blocked, id=31065, stack(0x00007f7fe0eb0000,0x00007f7fe0fb1000)]
  0x00007f8008097000 JavaThread "Build operations Thread 4" [_thread_blocked, id=31066, stack(0x00007f7f93eff000,0x00007f7f94000000)]
  0x00007f800809a800 JavaThread "pool-2-thread-1" [_thread_blocked, id=31070, stack(0x00007f7fe00ae000,0x00007f7fe01af000)]
  0x00007f80080a9000 JavaThread "Cache worker for file content cache (/home/danillom/workspace/AwesomeProject/android/.gradle/4.10.2/fileContent)" [_thread_blocked, id=31105, stack(0x00007f7f91482000,0x00007f7f91583000)]
  0x00007f80080e2000 JavaThread "Task worker for ':'" [_thread_blocked, id=31138, stack(0x00007f7f91583000,0x00007f7f91684000)]
  0x00007f80080e3000 JavaThread "Task worker for ':' Thread 2" [_thread_blocked, id=31139, stack(0x00007f7f91af7000,0x00007f7f91bf8000)]
  0x00007f80080e4000 JavaThread "Task worker for ':' Thread 3" [_thread_blocked, id=31140, stack(0x00007f7f91684000,0x00007f7f91785000)]
  0x00007f7fac031800 JavaThread "Cache worker for task history cache (/home/danillom/workspace/AwesomeProject/android/.gradle/4.10.2/taskHistory)" [_thread_blocked, id=31141, stack(0x00007f7f919f6000,0x00007f7f91af7000)]
  0x00007f7fac032000 JavaThread "Cache worker for Build Output Cleanup Cache (/home/danillom/workspace/AwesomeProject/android/.gradle/buildOutputCleanup)" [_thread_blocked, id=31142, stack(0x00007f7f91785000,0x00007f7f91886000)]
  0x00007f8008057800 JavaThread "Cache worker for Java compile cache (/home/danillom/.gradle/caches/4.10.2/javaCompile)" [_thread_blocked, id=31476, stack(0x00007f7f9022c000,0x00007f7f9032d000)]
  0x00007f800806c000 JavaThread "Cache worker for Java compile cache (/home/danillom/workspace/AwesomeProject/android/.gradle/4.10.2/javaCompile)" [_thread_blocked, id=31479, stack(0x00007f7f9042e000,0x00007f7f9052f000)]
  0x00007f800857c800 JavaThread "ForkJoinPool.commonPool-worker-2" daemon [_thread_blocked, id=31641, stack(0x00007f7f8f02a000,0x00007f7f8f12b000)]
  0x00007f7fd4012800 JavaThread "process reaper" daemon [_thread_in_native, id=2186, stack(0x00007f8030024000,0x00007f8030046000)]
  0x00007f8008130000 JavaThread "ForkJoinPool.commonPool-worker-5" daemon [_thread_blocked, id=5959, stack(0x00007f7f8ea26000,0x00007f7f8eb27000)]
  0x00007f7fcc00f000 JavaThread "pool-3-thread-1" [_thread_blocked, id=5970, stack(0x00007f7f8e925000,0x00007f7f8ea26000)]
  0x00007f7fec033000 JavaThread "process reaper" daemon [_thread_in_native, id=5974, stack(0x00007f8030002000,0x00007f8030024000)]
  0x00007f7fcc054800 JavaThread "process reaper" daemon [_thread_in_native, id=5975, stack(0x00007f80100a2000,0x00007f80100c4000)]
  0x00007f7fec035000 JavaThread "stderr" daemon [_thread_in_native, id=5979, stack(0x00007f7f8e824000,0x00007f7f8e925000)]
  0x00007f7fec037000 JavaThread "stdout" daemon [_thread_in_native, id=5981, stack(0x00007f7f8e723000,0x00007f7f8e824000)]
  0x00007f7ff0016800 JavaThread "stderr" daemon [_thread_in_native, id=5982, stack(0x00007f7f8e622000,0x00007f7f8e723000)]
  0x00007f7ff0018800 JavaThread "stdout" daemon [_thread_in_native, id=5983, stack(0x00007f7f8e521000,0x00007f7f8e622000)]
  0x00007f7fcc055000 JavaThread "stderr" daemon [_thread_in_native, id=5984, stack(0x00007f7f8e420000,0x00007f7f8e521000)]
  0x00007f7fcc056000 JavaThread "stdout" daemon [_thread_in_native, id=5985, stack(0x00007f7f8e31f000,0x00007f7f8e420000)]
  0x00007f7fec03e000 JavaThread "ForkJoinPool.commonPool-worker-6" daemon [_thread_blocked, id=8510, stack(0x00007f7f8ef29000,0x00007f7f8f02a000)]

Other Threads:
=>0x00007f802c110800 VMThread "VM Thread" [stack: 0x00007f80105a7000,0x00007f80106a7000] [id=12481]
  0x00007f802c205800 WatcherThread [stack: 0x00007f7fe2ff9000,0x00007f7fe30f9000] [id=12493]
  0x00007f802c028000 GCTaskThread "GC Thread#0" [stack: 0x00007f80324b7000,0x00007f80325b7000] [id=12463]
  0x00007f802c029800 GCTaskThread "GC Thread#1" [stack: 0x00007f80323b5000,0x00007f80324b5000] [id=12464]
  0x00007f802c02b800 GCTaskThread "GC Thread#2" [stack: 0x00007f80322b3000,0x00007f80323b3000] [id=12465]
  0x00007f802c02d000 GCTaskThread "GC Thread#3" [stack: 0x00007f80321b1000,0x00007f80322b1000] [id=12466]
  0x00007f802c045000 ConcurrentGCThread "G1 Main Marker" [stack: 0x00007f80306ab000,0x00007f80307ab000] [id=12467]
  0x00007f802c046800 ConcurrentGCThread "G1 Conc#0" [stack: 0x00007f80305a9000,0x00007f80306a9000] [id=12468]
  0x00007f802c0a9800 ConcurrentGCThread "G1 Refine#0" [stack: 0x00007f80300a3000,0x00007f80301a3000] [id=12469]
  0x00007f802c0ab800 ConcurrentGCThread "G1 Refine#1" [stack: 0x00007f8010a25000,0x00007f8010b25000] [id=12470]
  0x00007f802c0ad000 ConcurrentGCThread "G1 Refine#2" [stack: 0x00007f8010923000,0x00007f8010a23000] [id=12471]
  0x00007f802c0af000 ConcurrentGCThread "G1 Refine#3" [stack: 0x00007f8010821000,0x00007f8010921000] [id=12472]
  0x00007f802c0b0800 ConcurrentGCThread "G1 Young RemSet Sampling" [stack: 0x00007f801071f000,0x00007f801081f000] [id=12473]

Threads with active compile tasks:
C2 CompilerThread022424       4       com.android.tools.r8.ir.regalloc.RegisterMoveScheduler::schedule (292 bytes)
C2 CompilerThread122421       4       com.android.tools.r8.ir.code.Value::isDead (169 bytes)

VM state:at safepoint (normal execution)

VM Mutex/Monitor currently owned by a thread:  ([mutex/lock_event])
[0x00007f802c00e220] Threads_lock - owner thread: 0x00007f802c110800
[0x00007f802c00e7c0] Heap_lock - owner thread: 0x00007f7fec03e000

Heap address: 0x00000000c0000000, size: 1024 MB, Compressed Oops mode: 32-bit
Narrow klass base: 0x0000000000000000, Narrow klass shift: 3
Compressed class space size: 1073741824 Address: 0x0000000100000000

Heap:
 garbage-first heap   total 562176K, used 151888K [0x00000000c0000000, 0x0000000100000000)
  region size 1024K, 5 young (5120K), 5 survivors (5120K)
 Metaspace       used 124708K, capacity 127407K, committed 128128K, reserved 1163264K
  class space    used 13982K, capacity 14841K, committed 14976K, reserved 1048576K
Heap Regions: E=young(eden), S=young(survivor), O=old, HS=humongous(starts), HC=humongous(continues), CS=collection set, F=free, A=archive, TS=gc time stamp, AC=allocation context, TAMS=top-at-mark-start (previous, next)
|   0|0x00000000c0000000, 0x00000000c0100000, 0x00000000c0100000|100%|HS|  |TS  0|AC  0|TAMS 0x00000000c0100000, 0x00000000c0100000|
|   1|0x00000000c0100000, 0x00000000c0200000, 0x00000000c0200000|100%|HC|  |TS  0|AC  0|TAMS 0x00000000c0200000, 0x00000000c0200000|
|   2|0x00000000c0200000, 0x00000000c0300000, 0x00000000c0300000|100%| O|  |TS  0|AC  0|TAMS 0x00000000c0300000, 0x00000000c0300000|
|   3|0x00000000c0300000, 0x00000000c0400000, 0x00000000c0400000|100%| O|  |TS  0|AC  0|TAMS 0x00000000c0400000, 0x00000000c0400000|
|   4|0x00000000c0400000, 0x00000000c0500000, 0x00000000c0500000|100%| O|  |TS  0|AC  0|TAMS 0x00000000c0500000, 0x00000000c0500000|
|   5|0x00000000c0500000, 0x00000000c0600000, 0x00000000c0600000|100%| O|  |TS  0|AC  0|TAMS 0x00000000c0600000, 0x00000000c0600000|
|   6|0x00000000c0600000, 0x00000000c0700000, 0x00000000c0700000|100%| O|  |TS  0|AC  0|TAMS 0x00000000c0700000, 0x00000000c0700000|
|   7|0x00000000c0700000, 0x00000000c0800000, 0x00000000c0800000|100%| O|  |TS  0|AC  0|TAMS 0x00000000c0800000, 0x00000000c0800000|
|   8|0x00000000c0800000, 0x00000000c0900000, 0x00000000c0900000|100%| O|  |TS  0|AC  0|TAMS 0x00000000c0900000, 0x00000000c0900000|
|   9|0x00000000c0900000, 0x00000000c0a00000, 0x00000000c0a00000|100%| O|  |TS  0|AC  0|TAMS 0x00000000c0a00000, 0x00000000c0a00000|
|  10|0x00000000c0a00000, 0x00000000c0b00000, 0x00000000c0b00000|100%| O|  |TS  0|AC  0|TAMS 0x00000000c0b00000, 0x00000000c0b00000|
|  11|0x00000000c0b00000, 0x00000000c0c00000, 0x00000000c0c00000|100%| O|  |TS  0|AC  0|TAMS 0x00000000c0c00000, 0x00000000c0c00000|
|  12|0x00000000c0c00000, 0x00000000c0d00000, 0x00000000c0d00000|100%| O|  |TS  0|AC  0|TAMS 0x00000000c0d00000, 0x00000000c0d00000|
|  13|0x00000000c0d00000, 0x00000000c0e00000, 0x00000000c0e00000|100%| O|  |TS  0|AC  0|TAMS 0x00000000c0e00000, 0x00000000c0e00000|
|  14|0x00000000c0e00000, 0x00000000c0f00000, 0x00000000c0f00000|100%|HS|  |TS  0|AC  0|TAMS 0x00000000c0f00000, 0x00000000c0f00000|
|  15|0x00000000c0f00000, 0x00000000c1000000, 0x00000000c1000000|100%|HC|  |TS  0|AC  0|TAMS 0x00000000c1000000, 0x00000000c1000000|
|  16|0x00000000c1000000, 0x00000000c1100000, 0x00000000c1100000|100%|HC|  |TS  0|AC  0|TAMS 0x00000000c1100000, 0x00000000c1100000|
|  17|0x00000000c1100000, 0x00000000c1200000, 0x00000000c1200000|100%| O|  |TS  0|AC  0|TAMS 0x00000000c1200000, 0x00000000c1200000|
|  18|0x00000000c1200000, 0x00000000c1300000, 0x00000000c1300000|100%|HS|  |TS  0|AC  0|TAMS 0x00000000c1300000, 0x00000000c1300000|
|  19|0x00000000c1300000, 0x00000000c1400000, 0x00000000c1400000|100%|HC|  |TS  0|AC  0|TAMS 0x00000000c1400000, 0x00000000c1400000|
|  20|0x00000000c1400000, 0x00000000c1500000, 0x00000000c1500000|100%| O|  |TS  0|AC  0|TAMS 0x00000000c1500000, 0x00000000c1500000|
|  21|0x00000000c1500000, 0x00000000c1600000, 0x00000000c1600000|100%| O|  |TS  0|AC  0|TAMS 0x00000000c1600000, 0x00000000c1600000|
|  22|0x00000000c1600000, 0x00000000c1700000, 0x00000000c1700000|100%| O|  |TS  0|AC  0|TAMS 0x00000000c1700000, 0x00000000c1700000|
|  23|0x00000000c1700000, 0x00000000c1800000, 0x00000000c1800000|100%| O|  |TS  0|AC  0|TAMS 0x00000000c1800000, 0x00000000c1800000|
|  24|0x00000000c1800000, 0x00000000c1900000, 0x00000000c1900000|100%| O|  |TS  0|AC  0|TAMS 0x00000000c1900000, 0x00000000c1900000|
|  25|0x00000000c1900000, 0x00000000c1a00000, 0x00000000c1a00000|100%| O|  |TS  0|AC  0|TAMS 0x00000000c1a00000, 0x00000000c1a00000|
|  26|0x00000000c1a00000, 0x00000000c1b00000, 0x00000000c1b00000|100%| O|  |TS  0|AC  0|TAMS 0x00000000c1b00000, 0x00000000c1b00000|
|  27|0x00000000c1b00000, 0x00000000c1c00000, 0x00000000c1c00000|100%| O|  |TS  0|AC  0|TAMS 0x00000000c1c00000, 0x00000000c1c00000|
|  28|0x00000000c1c00000, 0x00000000c1d00000, 0x00000000c1d00000|100%| O|  |TS  0|AC  0|TAMS 0x00000000c1d00000, 0x00000000c1d00000|
|  29|0x00000000c1d00000, 0x00000000c1e00000, 0x00000000c1e00000|100%| O|  |TS  0|AC  0|TAMS 0x00000000c1e00000, 0x00000000c1e00000|
|  30|0x00000000c1e00000, 0x00000000c1f00000, 0x00000000c1f00000|100%| O|  |TS  0|AC  0|TAMS 0x00000000c1f00000, 0x00000000c1f00000|
|  31|0x00000000c1f00000, 0x00000000c2000000, 0x00000000c2000000|100%| O|  |TS  0|AC  0|TAMS 0x00000000c2000000, 0x00000000c2000000|
|  32|0x00000000c2000000, 0x00000000c2100000, 0x00000000c2100000|100%| O|  |TS  0|AC  0|TAMS 0x00000000c2100000, 0x00000000c2100000|
|  33|0x00000000c2100000, 0x00000000c2200000, 0x00000000c2200000|100%| O|  |TS  2|AC  0|TAMS 0x00000000c2100000, 0x00000000c2200000|
|  34|0x00000000c2200000, 0x00000000c2300000, 0x00000000c2300000|100%| O|  |TS  0|AC  0|TAMS 0x00000000c2300000, 0x00000000c2300000|
|  35|0x00000000c2300000, 0x00000000c2400000, 0x00000000c2400000|100%| O|  |TS  0|AC  0|TAMS 0x00000000c2400000, 0x00000000c2400000|
|  36|0x00000000c2400000, 0x00000000c2500000, 0x00000000c2500000|100%| O|  |TS  0|AC  0|TAMS 0x00000000c2500000, 0x00000000c2500000|
|  37|0x00000000c2500000, 0x00000000c2600000, 0x00000000c2600000|100%| O|  |TS  0|AC  0|TAMS 0x00000000c2600000, 0x00000000c2600000|
|  38|0x00000000c2600000, 0x00000000c2700000, 0x00000000c2700000|100%| O|  |TS  0|AC  0|TAMS 0x00000000c2700000, 0x00000000c2700000|
|  39|0x00000000c2700000, 0x00000000c2800000, 0x00000000c2800000|100%| O|  |TS  0|AC  0|TAMS 0x00000000c2800000, 0x00000000c2800000|
|  40|0x00000000c2800000, 0x00000000c2900000, 0x00000000c2900000|100%| O|  |TS  0|AC  0|TAMS 0x00000000c2900000, 0x00000000c2900000|
|  41|0x00000000c2900000, 0x00000000c2a00000, 0x00000000c2a00000|100%| O|  |TS  0|AC  0|TAMS 0x00000000c2a00000, 0x00000000c2a00000|
|  42|0x00000000c2a00000, 0x00000000c2b00000, 0x00000000c2b00000|100%| O|  |TS  2|AC  0|TAMS 0x00000000c2a00000, 0x00000000c2b00000|
|  43|0x00000000c2b00000, 0x00000000c2c00000, 0x00000000c2c00000|100%| O|  |TS  0|AC  0|TAMS 0x00000000c2c00000, 0x00000000c2c00000|
|  44|0x00000000c2c00000, 0x00000000c2d00000, 0x00000000c2d00000|100%| O|  |TS  0|AC  0|TAMS 0x00000000c2d00000, 0x00000000c2d00000|
|  45|0x00000000c2d00000, 0x00000000c2e00000, 0x00000000c2e00000|100%| O|  |TS  0|AC  0|TAMS 0x00000000c2e00000, 0x00000000c2e00000|
|  46|0x00000000c2e00000, 0x00000000c2f00000, 0x00000000c2f00000|100%| O|  |TS  0|AC  0|TAMS 0x00000000c2f00000, 0x00000000c2f00000|
|  47|0x00000000c2f00000, 0x00000000c3000000, 0x00000000c3000000|100%| O|  |TS  0|AC  0|TAMS 0x00000000c3000000, 0x00000000c3000000|
|  48|0x00000000c3000000, 0x00000000c3100000, 0x00000000c3100000|100%| O|  |TS  0|AC  0|TAMS 0x00000000c3100000, 0x00000000c3100000|
|  49|0x00000000c3100000, 0x00000000c3200000, 0x00000000c3200000|100%| O|  |TS  0|AC  0|TAMS 0x00000000c3200000, 0x00000000c3200000|
|  50|0x00000000c3200000, 0x00000000c3300000, 0x00000000c3300000|100%| O|  |TS  0|AC  0|TAMS 0x00000000c3300000, 0x00000000c3300000|
|  51|0x00000000c3300000, 0x00000000c3400000, 0x00000000c3400000|100%| O|  |TS  0|AC  0|TAMS 0x00000000c3400000, 0x00000000c3400000|
|  52|0x00000000c3400000, 0x00000000c3500000, 0x00000000c3500000|100%| O|  |TS  0|AC  0|TAMS 0x00000000c3500000, 0x00000000c3500000|
|  53|0x00000000c3500000, 0x00000000c3600000, 0x00000000c3600000|100%| O|  |TS  0|AC  0|TAMS 0x00000000c3600000, 0x00000000c3600000|
|  54|0x00000000c3600000, 0x00000000c3700000, 0x00000000c3700000|100%| O|  |TS  0|AC  0|TAMS 0x00000000c3700000, 0x00000000c3700000|
|  55|0x00000000c3700000, 0x00000000c3800000, 0x00000000c3800000|100%| O|  |TS  8|AC  0|TAMS 0x00000000c3700000, 0x00000000c3800000|
|  56|0x00000000c3800000, 0x00000000c3900000, 0x00000000c3900000|100%| O|  |TS  0|AC  0|TAMS 0x00000000c3900000, 0x00000000c3900000|
|  57|0x00000000c3900000, 0x00000000c3a00000, 0x00000000c3a00000|100%| O|  |TS  0|AC  0|TAMS 0x00000000c3a00000, 0x00000000c3a00000|
|  58|0x00000000c3a00000, 0x00000000c3b00000, 0x00000000c3b00000|100%| O|  |TS  0|AC  0|TAMS 0x00000000c3b00000, 0x00000000c3b00000|
|  59|0x00000000c3b00000, 0x00000000c3c00000, 0x00000000c3c00000|100%| O|  |TS  0|AC  0|TAMS 0x00000000c3c00000, 0x00000000c3c00000|
|  60|0x00000000c3c00000, 0x00000000c3d00000, 0x00000000c3d00000|100%| O|  |TS  0|AC  0|TAMS 0x00000000c3d00000, 0x00000000c3d00000|
|  61|0x00000000c3d00000, 0x00000000c3e00000, 0x00000000c3e00000|100%| O|  |TS  0|AC  0|TAMS 0x00000000c3e00000, 0x00000000c3e00000|
|  62|0x00000000c3e00000, 0x00000000c3f00000, 0x00000000c3f00000|100%| O|  |TS  0|AC  0|TAMS 0x00000000c3f00000, 0x00000000c3f00000|
|  63|0x00000000c3f00000, 0x00000000c4000000, 0x00000000c4000000|100%| O|  |TS  0|AC  0|TAMS 0x00000000c4000000, 0x00000000c4000000|
|  64|0x00000000c4000000, 0x00000000c4100000, 0x00000000c4100000|100%| O|  |TS  0|AC  0|TAMS 0x00000000c4100000, 0x00000000c4100000|
|  65|0x00000000c4100000, 0x00000000c4200000, 0x00000000c4200000|100%| O|  |TS  0|AC  0|TAMS 0x00000000c4200000, 0x00000000c4200000|
|  66|0x00000000c4200000, 0x00000000c4300000, 0x00000000c4300000|100%| O|  |TS  2|AC  0|TAMS 0x00000000c4200000, 0x00000000c4300000|
|  67|0x00000000c4300000, 0x00000000c4400000, 0x00000000c4400000|100%| O|  |TS  0|AC  0|TAMS 0x00000000c4400000, 0x00000000c4400000|
|  68|0x00000000c4400000, 0x00000000c4500000, 0x00000000c4500000|100%| O|  |TS  0|AC  0|TAMS 0x00000000c4500000, 0x00000000c4500000|
|  69|0x00000000c4500000, 0x00000000c4600000, 0x00000000c4600000|100%| O|  |TS  0|AC  0|TAMS 0x00000000c4600000, 0x00000000c4600000|
|  70|0x00000000c4600000, 0x00000000c4700000, 0x00000000c4700000|100%| O|  |TS  0|AC  0|TAMS 0x00000000c4700000, 0x00000000c4700000|
|  71|0x00000000c4700000, 0x00000000c4800000, 0x00000000c4800000|100%| O|  |TS  0|AC  0|TAMS 0x00000000c4800000, 0x00000000c4800000|
|  72|0x00000000c4800000, 0x00000000c4900000, 0x00000000c4900000|100%| O|  |TS  0|AC  0|TAMS 0x00000000c4900000, 0x00000000c4900000|
|  73|0x00000000c4900000, 0x00000000c4a00000, 0x00000000c4a00000|100%| O|  |TS  0|AC  0|TAMS 0x00000000c4a00000, 0x00000000c4a00000|
|  74|0x00000000c4a00000, 0x00000000c4b00000, 0x00000000c4b00000|100%| O|  |TS  0|AC  0|TAMS 0x00000000c4b00000, 0x00000000c4b00000|
|  75|0x00000000c4b00000, 0x00000000c4c00000, 0x00000000c4c00000|100%| O|  |TS  0|AC  0|TAMS 0x00000000c4c00000, 0x00000000c4c00000|
|  76|0x00000000c4c00000, 0x00000000c4d00000, 0x00000000c4d00000|100%| O|  |TS  0|AC  0|TAMS 0x00000000c4d00000, 0x00000000c4d00000|
|  77|0x00000000c4d00000, 0x00000000c4e00000, 0x00000000c4e00000|100%| O|  |TS  0|AC  0|TAMS 0x00000000c4e00000, 0x00000000c4e00000|
|  78|0x00000000c4e00000, 0x00000000c4f00000, 0x00000000c4f00000|100%| O|  |TS  0|AC  0|TAMS 0x00000000c4f00000, 0x00000000c4f00000|
|  79|0x00000000c4f00000, 0x00000000c5000000, 0x00000000c5000000|100%| O|  |TS  0|AC  0|TAMS 0x00000000c5000000, 0x00000000c5000000|
|  80|0x00000000c5000000, 0x00000000c5100000, 0x00000000c5100000|100%| O|  |TS  0|AC  0|TAMS 0x00000000c5100000, 0x00000000c5100000|
|  81|0x00000000c5100000, 0x00000000c5200000, 0x00000000c5200000|100%| O|  |TS  0|AC  0|TAMS 0x00000000c5200000, 0x00000000c5200000|
|  82|0x00000000c5200000, 0x00000000c5300000, 0x00000000c5300000|100%| O|  |TS  0|AC  0|TAMS 0x00000000c5300000, 0x00000000c5300000|
|  83|0x00000000c5300000, 0x00000000c5400000, 0x00000000c5400000|100%| O|  |TS  0|AC  0|TAMS 0x00000000c5400000, 0x00000000c5400000|
|  84|0x00000000c5400000, 0x00000000c5500000, 0x00000000c5500000|100%| O|  |TS  0|AC  0|TAMS 0x00000000c5500000, 0x00000000c5500000|
|  85|0x00000000c5500000, 0x00000000c5600000, 0x00000000c5600000|100%|HS|  |TS  0|AC  0|TAMS 0x00000000c5600000, 0x00000000c5600000|
|  86|0x00000000c5600000, 0x00000000c5700000, 0x00000000c5700000|100%|HS|  |TS  0|AC  0|TAMS 0x00000000c5700000, 0x00000000c5700000|
|  87|0x00000000c5700000, 0x00000000c5800000, 0x00000000c5800000|100%|HC|  |TS  0|AC  0|TAMS 0x00000000c5800000, 0x00000000c5800000|
|  88|0x00000000c5800000, 0x00000000c5900000, 0x00000000c5900000|100%| O|  |TS  0|AC  0|TAMS 0x00000000c5900000, 0x00000000c5900000|
|  89|0x00000000c5900000, 0x00000000c5a00000, 0x00000000c5a00000|100%| O|  |TS  0|AC  0|TAMS 0x00000000c5a00000, 0x00000000c5a00000|
|  90|0x00000000c5a00000, 0x00000000c5b00000, 0x00000000c5b00000|100%| O|  |TS  0|AC  0|TAMS 0x00000000c5b00000, 0x00000000c5b00000|
|  91|0x00000000c5b00000, 0x00000000c5c00000, 0x00000000c5c00000|100%| O|  |TS  0|AC  0|TAMS 0x00000000c5c00000, 0x00000000c5c00000|
|  92|0x00000000c5c00000, 0x00000000c5d00000, 0x00000000c5d00000|100%| O|  |TS  0|AC  0|TAMS 0x00000000c5d00000, 0x00000000c5d00000|
|  93|0x00000000c5d00000, 0x00000000c5e00000, 0x00000000c5e00000|100%| O|  |TS  9|AC  0|TAMS 0x00000000c5d00000, 0x00000000c5e00000|
|  94|0x00000000c5e00000, 0x00000000c5f00000, 0x00000000c5f00000|100%| O|  |TS  0|AC  0|TAMS 0x00000000c5f00000, 0x00000000c5f00000|
|  95|0x00000000c5f00000, 0x00000000c6000000, 0x00000000c6000000|100%| O|  |TS  0|AC  0|TAMS 0x00000000c6000000, 0x00000000c6000000|
|  96|0x00000000c6000000, 0x00000000c6100000, 0x00000000c6100000|100%| O|  |TS  0|AC  0|TAMS 0x00000000c6100000, 0x00000000c6100000|
|  97|0x00000000c6100000, 0x00000000c6200000, 0x00000000c6200000|100%| O|  |TS  0|AC  0|TAMS 0x00000000c6200000, 0x00000000c6200000|
|  98|0x00000000c6200000, 0x00000000c6300000, 0x00000000c6300000|100%|HS|  |TS  0|AC  0|TAMS 0x00000000c6300000, 0x00000000c6300000|
|  99|0x00000000c6300000, 0x00000000c6400000, 0x00000000c6400000|100%|HC|  |TS  0|AC  0|TAMS 0x00000000c6400000, 0x00000000c6400000|
| 100|0x00000000c6400000, 0x00000000c6500000, 0x00000000c6500000|100%| O|  |TS  0|AC  0|TAMS 0x00000000c6500000, 0x00000000c6500000|
| 101|0x00000000c6500000, 0x00000000c6600000, 0x00000000c6600000|100%| O|  |TS  0|AC  0|TAMS 0x00000000c6600000, 0x00000000c6600000|
| 102|0x00000000c6600000, 0x00000000c6700000, 0x00000000c6700000|100%| O|  |TS  0|AC  0|TAMS 0x00000000c6700000, 0x00000000c6700000|
| 103|0x00000000c6700000, 0x00000000c6800000, 0x00000000c6800000|100%| O|  |TS  0|AC  0|TAMS 0x00000000c6800000, 0x00000000c6800000|
| 104|0x00000000c6800000, 0x00000000c6900000, 0x00000000c6900000|100%| O|  |TS  0|AC  0|TAMS 0x00000000c6900000, 0x00000000c6900000|
| 105|0x00000000c6900000, 0x00000000c6a00000, 0x00000000c6a00000|100%| O|  |TS  0|AC  0|TAMS 0x00000000c6a00000, 0x00000000c6a00000|
| 106|0x00000000c6a00000, 0x00000000c6b00000, 0x00000000c6b00000|100%| O|  |TS  0|AC  0|TAMS 0x00000000c6b00000, 0x00000000c6b00000|
| 107|0x00000000c6b00000, 0x00000000c6c00000, 0x00000000c6c00000|100%| O|  |TS  0|AC  0|TAMS 0x00000000c6c00000, 0x00000000c6c00000|
| 108|0x00000000c6c00000, 0x00000000c6d00000, 0x00000000c6d00000|100%| O|  |TS  0|AC  0|TAMS 0x00000000c6d00000, 0x00000000c6d00000|
| 109|0x00000000c6d00000, 0x00000000c6e00000, 0x00000000c6e00000|100%| O|  |TS  0|AC  0|TAMS 0x00000000c6e00000, 0x00000000c6e00000|
| 110|0x00000000c6e00000, 0x00000000c6f00000, 0x00000000c6f00000|100%| O|  |TS  0|AC  0|TAMS 0x00000000c6f00000, 0x00000000c6f00000|
| 111|0x00000000c6f00000, 0x00000000c7000000, 0x00000000c7000000|100%| O|  |TS  0|AC  0|TAMS 0x00000000c7000000, 0x00000000c7000000|
| 112|0x00000000c7000000, 0x00000000c7100000, 0x00000000c7100000|100%| O|  |TS  0|AC  0|TAMS 0x00000000c7100000, 0x00000000c7100000|
| 113|0x00000000c7100000, 0x00000000c7200000, 0x00000000c7200000|100%| O|  |TS  0|AC  0|TAMS 0x00000000c7200000, 0x00000000c7200000|
| 114|0x00000000c7200000, 0x00000000c7300000, 0x00000000c7300000|100%| O|  |TS  0|AC  0|TAMS 0x00000000c7300000, 0x00000000c7300000|
| 115|0x00000000c7300000, 0x00000000c7400000, 0x00000000c7400000|100%| O|  |TS  0|AC  0|TAMS 0x00000000c7400000, 0x00000000c7400000|
| 116|0x00000000c7400000, 0x00000000c7500000, 0x00000000c7500000|100%| O|  |TS  0|AC  0|TAMS 0x00000000c7500000, 0x00000000c7500000|
| 117|0x00000000c7500000, 0x00000000c7600000, 0x00000000c7600000|100%| O|  |TS  0|AC  0|TAMS 0x00000000c7600000, 0x00000000c7600000|
| 118|0x00000000c7600000, 0x00000000c7700000, 0x00000000c7700000|100%| O|  |TS  0|AC  0|TAMS 0x00000000c7700000, 0x00000000c7700000|
| 119|0x00000000c7700000, 0x00000000c7800000, 0x00000000c7800000|100%| O|  |TS  0|AC  0|TAMS 0x00000000c7800000, 0x00000000c7800000|
| 120|0x00000000c7800000, 0x00000000c7900000, 0x00000000c7900000|100%| O|  |TS  0|AC  0|TAMS 0x00000000c7900000, 0x00000000c7900000|
| 121|0x00000000c7900000, 0x00000000c7a00000, 0x00000000c7a00000|100%| O|  |TS  0|AC  0|TAMS 0x00000000c7a00000, 0x00000000c7a00000|
| 122|0x00000000c7a00000, 0x00000000c7b00000, 0x00000000c7b00000|100%| O|  |TS  0|AC  0|TAMS 0x00000000c7b00000, 0x00000000c7b00000|
| 123|0x00000000c7b00000, 0x00000000c7c00000, 0x00000000c7c00000|100%| O|  |TS  0|AC  0|TAMS 0x00000000c7c00000, 0x00000000c7c00000|
| 124|0x00000000c7c00000, 0x00000000c7d00000, 0x00000000c7d00000|100%| O|  |TS  0|AC  0|TAMS 0x00000000c7d00000, 0x00000000c7d00000|
| 125|0x00000000c7d00000, 0x00000000c7e00000, 0x00000000c7e00000|100%| O|  |TS  0|AC  0|TAMS 0x00000000c7e00000, 0x00000000c7e00000|
| 126|0x00000000c7e00000, 0x00000000c7f00000, 0x00000000c7f00000|100%| O|  |TS  0|AC  0|TAMS 0x00000000c7f00000, 0x00000000c7f00000|
| 127|0x00000000c7f00000, 0x00000000c8000000, 0x00000000c8000000|100%| O|  |TS  0|AC  0|TAMS 0x00000000c8000000, 0x00000000c8000000|
| 128|0x00000000c8000000, 0x00000000c8100000, 0x00000000c8100000|100%| O|  |TS  0|AC  0|TAMS 0x00000000c8100000, 0x00000000c8100000|
| 129|0x00000000c8100000, 0x00000000c8200000, 0x00000000c8200000|100%| O|  |TS  8|AC  0|TAMS 0x00000000c8100000, 0x00000000c8200000|
| 130|0x00000000c8200000, 0x00000000c8300000, 0x00000000c8300000|100%| O|  |TS  9|AC  0|TAMS 0x00000000c8200000, 0x00000000c8300000|
| 131|0x00000000c8300000, 0x00000000c8400000, 0x00000000c8400000|100%| O|  |TS  0|AC  0|TAMS 0x00000000c8400000, 0x00000000c8400000|
| 132|0x00000000c8400000, 0x00000000c8500000, 0x00000000c8500000|100%| O|  |TS  0|AC  0|TAMS 0x00000000c8500000, 0x00000000c8500000|
| 133|0x00000000c8500000, 0x00000000c8600000, 0x00000000c8600000|100%| O|  |TS  0|AC  0|TAMS 0x00000000c8600000, 0x00000000c8600000|
| 134|0x00000000c8600000, 0x00000000c8700000, 0x00000000c8700000|100%| O|  |TS  0|AC  0|TAMS 0x00000000c8700000, 0x00000000c8700000|
| 135|0x00000000c8700000, 0x00000000c8800000, 0x00000000c8800000|100%| O|  |TS  0|AC  0|TAMS 0x00000000c8800000, 0x00000000c8800000|
| 136|0x00000000c8800000, 0x00000000c8900000, 0x00000000c8900000|100%| O|  |TS  2|AC  0|TAMS 0x00000000c8862c00, 0x00000000c8900000|
| 137|0x00000000c8900000, 0x00000000c89cda00, 0x00000000c8a00000| 80%| O|  |TS  9|AC  0|TAMS 0x00000000c8900000, 0x00000000c89cda00|
| 138|0x00000000c8a00000, 0x00000000c8a00000, 0x00000000c8b00000|  0%| F|  |TS  0|AC  0|TAMS 0x00000000c8a00000, 0x00000000c8a00000|
| 139|0x00000000c8b00000, 0x00000000c8c00000, 0x00000000c8c00000|100%| O|  |TS  0|AC  0|TAMS 0x00000000c8c00000, 0x00000000c8c00000|
| 140|0x00000000c8c00000, 0x00000000c8c00000, 0x00000000c8d00000|  0%| F|  |TS  0|AC  0|TAMS 0x00000000c8c00000, 0x00000000c8c00000|
| 141|0x00000000c8d00000, 0x00000000c8e00000, 0x00000000c8e00000|100%| O|  |TS  0|AC  0|TAMS 0x00000000c8e00000, 0x00000000c8e00000|
| 142|0x00000000c8e00000, 0x00000000c8f00000, 0x00000000c8f00000|100%| O|  |TS  0|AC  0|TAMS 0x00000000c8f00000, 0x00000000c8f00000|
| 143|0x00000000c8f00000, 0x00000000c8f00000, 0x00000000c9000000|  0%| F|  |TS  0|AC  0|TAMS 0x00000000c8f00000, 0x00000000c8f00000|
| 144|0x00000000c9000000, 0x00000000c9000000, 0x00000000c9100000|  0%| F|  |TS  0|AC  0|TAMS 0x00000000c9000000, 0x00000000c9000000|
| 145|0x00000000c9100000, 0x00000000c9200000, 0x00000000c9200000|100%| O|  |TS  0|AC  0|TAMS 0x00000000c9200000, 0x00000000c9200000|
| 146|0x00000000c9200000, 0x00000000c9300000, 0x00000000c9300000|100%| O|  |TS  0|AC  0|TAMS 0x00000000c9300000, 0x00000000c9300000|
| 147|0x00000000c9300000, 0x00000000c9300000, 0x00000000c9400000|  0%| F|  |TS  0|AC  0|TAMS 0x00000000c9300000, 0x00000000c9300000|
| 148|0x00000000c9400000, 0x00000000c9400000, 0x00000000c9500000|  0%| F|  |TS  0|AC  0|TAMS 0x00000000c9400000, 0x00000000c9400000|
| 149|0x00000000c9500000, 0x00000000c9600000, 0x00000000c9600000|100%| O|  |TS  0|AC  0|TAMS 0x00000000c9600000, 0x00000000c9600000|
| 150|0x00000000c9600000, 0x00000000c9600000, 0x00000000c9700000|  0%| F|  |TS  0|AC  0|TAMS 0x00000000c9600000, 0x00000000c9600000|
| 151|0x00000000c9700000, 0x00000000c9700000, 0x00000000c9800000|  0%| F|  |TS  0|AC  0|TAMS 0x00000000c9700000, 0x00000000c9700000|
| 152|0x00000000c9800000, 0x00000000c9800000, 0x00000000c9900000|  0%| F|  |TS  0|AC  0|TAMS 0x00000000c9800000, 0x00000000c9800000|
| 153|0x00000000c9900000, 0x00000000c9900000, 0x00000000c9a00000|  0%| F|  |TS  0|AC  0|TAMS 0x00000000c9900000, 0x00000000c9900000|
| 154|0x00000000c9a00000, 0x00000000c9a00000, 0x00000000c9b00000|  0%| F|  |TS  0|AC  0|TAMS 0x00000000c9a00000, 0x00000000c9a00000|
| 155|0x00000000c9b00000, 0x00000000c9b00000, 0x00000000c9c00000|  0%| F|  |TS  0|AC  0|TAMS 0x00000000c9b00000, 0x00000000c9b00000|
| 156|0x00000000c9c00000, 0x00000000c9c00000, 0x00000000c9d00000|  0%| F|  |TS  0|AC  0|TAMS 0x00000000c9c00000, 0x00000000c9c00000|
| 157|0x00000000c9d00000, 0x00000000c9d00000, 0x00000000c9e00000|  0%| F|  |TS  0|AC  0|TAMS 0x00000000c9d00000, 0x00000000c9d00000|
| 158|0x00000000c9e00000, 0x00000000c9e00000, 0x00000000c9f00000|  0%| F|  |TS  0|AC  0|TAMS 0x00000000c9e00000, 0x00000000c9e00000|
| 159|0x00000000c9f00000, 0x00000000c9f00000, 0x00000000ca000000|  0%| F|  |TS  0|AC  0|TAMS 0x00000000c9f00000, 0x00000000c9f00000|
| 160|0x00000000ca000000, 0x00000000ca000000, 0x00000000ca100000|  0%| F|  |TS  0|AC  0|TAMS 0x00000000ca000000, 0x00000000ca000000|
| 161|0x00000000ca100000, 0x00000000ca100000, 0x00000000ca200000|  0%| F|  |TS  0|AC  0|TAMS 0x00000000ca100000, 0x00000000ca100000|
| 162|0x00000000ca200000, 0x00000000ca200000, 0x00000000ca300000|  0%| F|  |TS  0|AC  0|TAMS 0x00000000ca200000, 0x00000000ca200000|
| 163|0x00000000ca300000, 0x00000000ca300000, 0x00000000ca400000|  0%| F|  |TS  2|AC  0|TAMS 0x00000000ca300000, 0x00000000ca300000|
| 164|0x00000000ca400000, 0x00000000ca400000, 0x00000000ca500000|  0%| F|  |TS  1|AC  0|TAMS 0x00000000ca400000, 0x00000000ca400000|
| 165|0x00000000ca500000, 0x00000000ca500000, 0x00000000ca600000|  0%| F|  |TS  1|AC  0|TAMS 0x00000000ca500000, 0x00000000ca500000|
| 166|0x00000000ca600000, 0x00000000ca600000, 0x00000000ca700000|  0%| F|  |TS  2|AC  0|TAMS 0x00000000ca600000, 0x00000000ca600000|
| 167|0x00000000ca700000, 0x00000000ca700000, 0x00000000ca800000|  0%| F|  |TS  2|AC  0|TAMS 0x00000000ca700000, 0x00000000ca700000|
| 168|0x00000000ca800000, 0x00000000ca800000, 0x00000000ca900000|  0%| F|  |TS  1|AC  0|TAMS 0x00000000ca800000, 0x00000000ca800000|
| 169|0x00000000ca900000, 0x00000000ca900000, 0x00000000caa00000|  0%| F|  |TS  1|AC  0|TAMS 0x00000000ca900000, 0x00000000ca900000|
| 170|0x00000000caa00000, 0x00000000caa00000, 0x00000000cab00000|  0%| F|  |TS  1|AC  0|TAMS 0x00000000caa00000, 0x00000000caa00000|
| 171|0x00000000cab00000, 0x00000000cab00000, 0x00000000cac00000|  0%| F|  |TS  1|AC  0|TAMS 0x00000000cab00000, 0x00000000cab00000|
| 172|0x00000000cac00000, 0x00000000cac00000, 0x00000000cad00000|  0%| F|  |TS  1|AC  0|TAMS 0x00000000cac00000, 0x00000000cac00000|
| 173|0x00000000cad00000, 0x00000000cad00000, 0x00000000cae00000|  0%| F|  |TS  1|AC  0|TAMS 0x00000000cad00000, 0x00000000cad00000|
| 174|0x00000000cae00000, 0x00000000cae00000, 0x00000000caf00000|  0%| F|  |TS  1|AC  0|TAMS 0x00000000cae00000, 0x00000000cae00000|
| 175|0x00000000caf00000, 0x00000000caf00000, 0x00000000cb000000|  0%| F|  |TS  1|AC  0|TAMS 0x00000000caf00000, 0x00000000caf00000|
| 176|0x00000000cb000000, 0x00000000cb000000, 0x00000000cb100000|  0%| F|  |TS  1|AC  0|TAMS 0x00000000cb000000, 0x00000000cb000000|
| 177|0x00000000cb100000, 0x00000000cb100000, 0x00000000cb200000|  0%| F|  |TS  1|AC  0|TAMS 0x00000000cb100000, 0x00000000cb100000|
| 178|0x00000000cb200000, 0x00000000cb200000, 0x00000000cb300000|  0%| F|  |TS  1|AC  0|TAMS 0x00000000cb200000, 0x00000000cb200000|
| 179|0x00000000cb300000, 0x00000000cb300000, 0x00000000cb400000|  0%| F|  |TS  1|AC  0|TAMS 0x00000000cb300000, 0x00000000cb300000|
| 180|0x00000000cb400000, 0x00000000cb400000, 0x00000000cb500000|  0%| F|  |TS  1|AC  0|TAMS 0x00000000cb400000, 0x00000000cb400000|
| 181|0x00000000cb500000, 0x00000000cb586868, 0x00000000cb600000| 52%| S|CS|TS  9|AC  0|TAMS 0x00000000cb500000, 0x00000000cb500000|
| 182|0x00000000cb600000, 0x00000000cb700000, 0x00000000cb700000|100%| S|CS|TS  9|AC  0|TAMS 0x00000000cb600000, 0x00000000cb600000|
| 183|0x00000000cb700000, 0x00000000cb700000, 0x00000000cb800000|  0%| F|  |TS  9|AC  0|TAMS 0x00000000cb700000, 0x00000000cb700000|
| 184|0x00000000cb800000, 0x00000000cb800000, 0x00000000cb900000|  0%| F|  |TS  9|AC  0|TAMS 0x00000000cb800000, 0x00000000cb800000|
| 185|0x00000000cb900000, 0x00000000cba00000, 0x00000000cba00000|100%| S|CS|TS  9|AC  0|TAMS 0x00000000cb900000, 0x00000000cb900000|
| 186|0x00000000cba00000, 0x00000000cbb00000, 0x00000000cbb00000|100%| S|CS|TS  9|AC  0|TAMS 0x00000000cba00000, 0x00000000cba00000|
| 187|0x00000000cbb00000, 0x00000000cbc00000, 0x00000000cbc00000|100%| S|CS|TS  9|AC  0|TAMS 0x00000000cbb00000, 0x00000000cbb00000|
| 188|0x00000000cbc00000, 0x00000000cbc00000, 0x00000000cbd00000|  0%| F|  |TS  9|AC  0|TAMS 0x00000000cbc00000, 0x00000000cbc00000|
| 189|0x00000000cbd00000, 0x00000000cbd00000, 0x00000000cbe00000|  0%| F|  |TS  9|AC  0|TAMS 0x00000000cbd00000, 0x00000000cbd00000|
| 190|0x00000000cbe00000, 0x00000000cbe00000, 0x00000000cbf00000|  0%| F|  |TS  9|AC  0|TAMS 0x00000000cbe00000, 0x00000000cbe00000|
| 191|0x00000000cbf00000, 0x00000000cbf00000, 0x00000000cc000000|  0%| F|  |TS  9|AC  0|TAMS 0x00000000cbf00000, 0x00000000cbf00000|
| 192|0x00000000cc000000, 0x00000000cc000000, 0x00000000cc100000|  0%| F|  |TS  9|AC  0|TAMS 0x00000000cc000000, 0x00000000cc000000|
| 193|0x00000000cc100000, 0x00000000cc100000, 0x00000000cc200000|  0%| F|  |TS  9|AC  0|TAMS 0x00000000cc100000, 0x00000000cc100000|
| 194|0x00000000cc200000, 0x00000000cc200000, 0x00000000cc300000|  0%| F|  |TS  9|AC  0|TAMS 0x00000000cc200000, 0x00000000cc200000|
| 195|0x00000000cc300000, 0x00000000cc300000, 0x00000000cc400000|  0%| F|  |TS  9|AC  0|TAMS 0x00000000cc300000, 0x00000000cc300000|
| 196|0x00000000cc400000, 0x00000000cc400000, 0x00000000cc500000|  0%| F|  |TS  9|AC  0|TAMS 0x00000000cc400000, 0x00000000cc400000|
| 197|0x00000000cc500000, 0x00000000cc500000, 0x00000000cc600000|  0%| F|  |TS  9|AC  0|TAMS 0x00000000cc500000, 0x00000000cc500000|
| 198|0x00000000cc600000, 0x00000000cc600000, 0x00000000cc700000|  0%| F|  |TS  9|AC  0|TAMS 0x00000000cc600000, 0x00000000cc600000|
| 199|0x00000000cc700000, 0x00000000cc700000, 0x00000000cc800000|  0%| F|  |TS  9|AC  0|TAMS 0x00000000cc700000, 0x00000000cc700000|
| 200|0x00000000cc800000, 0x00000000cc800000, 0x00000000cc900000|  0%| F|  |TS  9|AC  0|TAMS 0x00000000cc800000, 0x00000000cc800000|
| 201|0x00000000cc900000, 0x00000000cc900000, 0x00000000cca00000|  0%| F|  |TS  9|AC  0|TAMS 0x00000000cc900000, 0x00000000cc900000|
| 202|0x00000000cca00000, 0x00000000cca00000, 0x00000000ccb00000|  0%| F|  |TS  9|AC  0|TAMS 0x00000000cca00000, 0x00000000cca00000|
| 203|0x00000000ccb00000, 0x00000000ccb00000, 0x00000000ccc00000|  0%| F|  |TS  9|AC  0|TAMS 0x00000000ccb00000, 0x00000000ccb00000|
| 204|0x00000000ccc00000, 0x00000000ccc00000, 0x00000000ccd00000|  0%| F|  |TS  9|AC  0|TAMS 0x00000000ccc00000, 0x00000000ccc00000|
| 205|0x00000000ccd00000, 0x00000000ccd00000, 0x00000000cce00000|  0%| F|  |TS  9|AC  0|TAMS 0x00000000ccd00000, 0x00000000ccd00000|
| 206|0x00000000cce00000, 0x00000000cce00000, 0x00000000ccf00000|  0%| F|  |TS  9|AC  0|TAMS 0x00000000cce00000, 0x00000000cce00000|
| 207|0x00000000ccf00000, 0x00000000ccf00000, 0x00000000cd000000|  0%| F|  |TS  9|AC  0|TAMS 0x00000000ccf00000, 0x00000000ccf00000|
| 208|0x00000000cd000000, 0x00000000cd000000, 0x00000000cd100000|  0%| F|  |TS  9|AC  0|TAMS 0x00000000cd000000, 0x00000000cd000000|
| 209|0x00000000cd100000, 0x00000000cd100000, 0x00000000cd200000|  0%| F|  |TS  9|AC  0|TAMS 0x00000000cd100000, 0x00000000cd100000|
| 210|0x00000000cd200000, 0x00000000cd200000, 0x00000000cd300000|  0%| F|  |TS  9|AC  0|TAMS 0x00000000cd200000, 0x00000000cd200000|
| 211|0x00000000cd300000, 0x00000000cd300000, 0x00000000cd400000|  0%| F|  |TS  9|AC  0|TAMS 0x00000000cd300000, 0x00000000cd300000|
| 212|0x00000000cd400000, 0x00000000cd400000, 0x00000000cd500000|  0%| F|  |TS  9|AC  0|TAMS 0x00000000cd400000, 0x00000000cd400000|
| 213|0x00000000cd500000, 0x00000000cd500000, 0x00000000cd600000|  0%| F|  |TS  9|AC  0|TAMS 0x00000000cd500000, 0x00000000cd500000|
| 214|0x00000000cd600000, 0x00000000cd600000, 0x00000000cd700000|  0%| F|  |TS  9|AC  0|TAMS 0x00000000cd600000, 0x00000000cd600000|
| 215|0x00000000cd700000, 0x00000000cd700000, 0x00000000cd800000|  0%| F|  |TS  9|AC  0|TAMS 0x00000000cd700000, 0x00000000cd700000|
| 216|0x00000000cd800000, 0x00000000cd800000, 0x00000000cd900000|  0%| F|  |TS  9|AC  0|TAMS 0x00000000cd800000, 0x00000000cd800000|
| 217|0x00000000cd900000, 0x00000000cd900000, 0x00000000cda00000|  0%| F|  |TS  9|AC  0|TAMS 0x00000000cd900000, 0x00000000cd900000|
| 218|0x00000000cda00000, 0x00000000cda00000, 0x00000000cdb00000|  0%| F|  |TS  9|AC  0|TAMS 0x00000000cda00000, 0x00000000cda00000|
| 219|0x00000000cdb00000, 0x00000000cdb00000, 0x00000000cdc00000|  0%| F|  |TS  9|AC  0|TAMS 0x00000000cdb00000, 0x00000000cdb00000|
| 220|0x00000000cdc00000, 0x00000000cdc00000, 0x00000000cdd00000|  0%| F|  |TS  9|AC  0|TAMS 0x00000000cdc00000, 0x00000000cdc00000|
| 221|0x00000000cdd00000, 0x00000000cdd00000, 0x00000000cde00000|  0%| F|  |TS  9|AC  0|TAMS 0x00000000cdd00000, 0x00000000cdd00000|
| 222|0x00000000cde00000, 0x00000000cde00000, 0x00000000cdf00000|  0%| F|  |TS  9|AC  0|TAMS 0x00000000cde00000, 0x00000000cde00000|
| 223|0x00000000cdf00000, 0x00000000cdf00000, 0x00000000ce000000|  0%| F|  |TS  9|AC  0|TAMS 0x00000000cdf00000, 0x00000000cdf00000|
| 224|0x00000000ce000000, 0x00000000ce000000, 0x00000000ce100000|  0%| F|  |TS  9|AC  0|TAMS 0x00000000ce000000, 0x00000000ce000000|
| 225|0x00000000ce100000, 0x00000000ce100000, 0x00000000ce200000|  0%| F|  |TS  9|AC  0|TAMS 0x00000000ce100000, 0x00000000ce100000|
| 226|0x00000000ce200000, 0x00000000ce200000, 0x00000000ce300000|  0%| F|  |TS  9|AC  0|TAMS 0x00000000ce200000, 0x00000000ce200000|
| 227|0x00000000ce300000, 0x00000000ce300000, 0x00000000ce400000|  0%| F|  |TS  9|AC  0|TAMS 0x00000000ce300000, 0x00000000ce300000|
| 228|0x00000000ce400000, 0x00000000ce400000, 0x00000000ce500000|  0%| F|  |TS  9|AC  0|TAMS 0x00000000ce400000, 0x00000000ce400000|
| 229|0x00000000ce500000, 0x00000000ce500000, 0x00000000ce600000|  0%| F|  |TS  9|AC  0|TAMS 0x00000000ce500000, 0x00000000ce500000|
| 230|0x00000000ce600000, 0x00000000ce600000, 0x00000000ce700000|  0%| F|  |TS  9|AC  0|TAMS 0x00000000ce600000, 0x00000000ce600000|
| 231|0x00000000ce700000, 0x00000000ce700000, 0x00000000ce800000|  0%| F|  |TS  9|AC  0|TAMS 0x00000000ce700000, 0x00000000ce700000|

Card table byte_map: [0x00007f80319ab000,0x00007f8031bab000] byte_map_base: 0x00007f80313ab000

Marking Bits (Prev, Next): (CMBitMap*) 0x00007f802c044148, (CMBitMap*) 0x00007f802c044110
 Prev Bits: [0x00007f8012b25000, 0x00007f8013b25000)
 Next Bits: [0x00007f80307ab000, 0x00007f80317ab000)

Polling page: 0x00007f80364a7000

CodeHeap 'non-profiled nmethods': size=120032Kb used=18964Kb max_used=18964Kb free=101067Kb
 bounds [0x00007f801b5ed000, 0x00007f801c87d000, 0x00007f8022b25000]
CodeHeap 'profiled nmethods': size=120032Kb used=40896Kb max_used=40896Kb free=79136Kb
 bounds [0x00007f80140b5000, 0x00007f80168e5000, 0x00007f801b5ed000]
CodeHeap 'non-nmethods': size=5696Kb used=2330Kb max_used=2403Kb free=3365Kb
 bounds [0x00007f8013b25000, 0x00007f8013d95000, 0x00007f80140b5000]
 total_blobs=30569 nmethods=18695 adapters=892
 compilation: enabled

Compilation events (10 events):
Event: 10404,146 Thread 0x00007f802c134000 22426       3       com.android.tools.r8.ir.code.Div::instructionTypeCanThrow (26 bytes)
Event: 10404,146 Thread 0x00007f802c134000 nmethod 22426 0x00007f80168cae90 code [0x00007f80168cb040, 0x00007f80168cb250]
Event: 10404,173 Thread 0x00007f802c134000 22429       3       com.android.tools.r8.ir.code.BasicBlock::swapSuccessors (73 bytes)
Event: 10404,174 Thread 0x00007f802c134000 nmethod 22429 0x00007f80168cb310 code [0x00007f80168cb500, 0x00007f80168cb848]
Event: 10404,190 Thread 0x00007f802c134000 22430       3       com.android.tools.r8.ir.conversion.JarSourceCode::updateState (2555 bytes)
Event: 10404,201 Thread 0x00007f802c134000 nmethod 22430 0x00007f80168cb990 code [0x00007f80168cc6a0, 0x00007f80168d1498]
Event: 10404,223 Thread 0x00007f802c134000 22431       3       java.util.TreeMap::pollLastEntry (21 bytes)
Event: 10404,224 Thread 0x00007f802c134000 nmethod 22431 0x00007f80168d3890 code [0x00007f80168d3ac0, 0x00007f80168d4208]
Event: 10404,224 Thread 0x00007f802c134000 22432       3       com.android.tools.r8.ir.regalloc.LinearScanRegisterAllocator::liveIntervalsHasUnhandledSplitOverlappingAnyOf (121 bytes)
Event: 10404,225 Thread 0x00007f802c134000 nmethod 22432 0x00007f80168d4490 code [0x00007f80168d46e0, 0x00007f80168d4fa8]

GC Heap History (10 events):
Event: 10397,764 GC heap after
{Heap after GC invocations=170 (full 0):
 garbage-first heap   total 237568K, used 143958K [0x00000000c0000000, 0x0000000100000000)
  region size 1024K, 1 young (1024K), 1 survivors (1024K)
 Metaspace       used 124692K, capacity 127404K, committed 128128K, reserved 1163264K
  class space    used 13982K, capacity 14840K, committed 14976K, reserved 1048576K
}
Event: 10398,053 GC heap before
{Heap before GC invocations=170 (full 0):
 garbage-first heap   total 237568K, used 154198K [0x00000000c0000000, 0x0000000100000000)
  region size 1024K, 11 young (11264K), 1 survivors (1024K)
 Metaspace       used 124694K, capacity 127407K, committed 128128K, reserved 1163264K
  class space    used 13982K, capacity 14841K, committed 14976K, reserved 1048576K
}
Event: 10398,062 GC heap after
{Heap after GC invocations=171 (full 0):
 garbage-first heap   total 237568K, used 144402K [0x00000000c0000000, 0x0000000100000000)
  region size 1024K, 2 young (2048K), 2 survivors (2048K)
 Metaspace       used 124694K, capacity 127407K, committed 128128K, reserved 1163264K
  class space    used 13982K, capacity 14841K, committed 14976K, reserved 1048576K
}
Event: 10399,158 GC heap before
{Heap before GC invocations=171 (full 0):
 garbage-first heap   total 237568K, used 181266K [0x00000000c0000000, 0x0000000100000000)
  region size 1024K, 38 young (38912K), 2 survivors (2048K)
 Metaspace       used 124697K, capacity 127407K, committed 128128K, reserved 1163264K
  class space    used 13982K, capacity 14841K, committed 14976K, reserved 1048576K
}
Event: 10399,192 GC heap after
{Heap after GC invocations=172 (full 0):
 garbage-first heap   total 237568K, used 145441K [0x00000000c0000000, 0x0000000100000000)
  region size 1024K, 3 young (3072K), 3 survivors (3072K)
 Metaspace       used 124697K, capacity 127407K, committed 128128K, reserved 1163264K
  class space    used 13982K, capacity 14841K, committed 14976K, reserved 1048576K
}
Event: 10400,702 GC heap before
{Heap before GC invocations=172 (full 0):
 garbage-first heap   total 237568K, used 185377K [0x00000000c0000000, 0x0000000100000000)
  region size 1024K, 42 young (43008K), 3 survivors (3072K)
 Metaspace       used 124700K, capacity 127407K, committed 128128K, reserved 1163264K
  class space    used 13982K, capacity 14841K, committed 14976K, reserved 1048576K
}
Event: 10400,713 GC heap after
{Heap after GC invocations=173 (full 0):
 garbage-first heap   total 237568K, used 147520K [0x00000000c0000000, 0x0000000100000000)
  region size 1024K, 5 young (5120K), 5 survivors (5120K)
 Metaspace       used 124700K, capacity 127407K, committed 128128K, reserved 1163264K
  class space    used 13982K, capacity 14841K, committed 14976K, reserved 1048576K
}
Event: 10402,937 GC heap before
{Heap before GC invocations=173 (full 0):
 garbage-first heap   total 237568K, used 188480K [0x00000000c0000000, 0x0000000100000000)
  region size 1024K, 45 young (46080K), 5 survivors (5120K)
 Metaspace       used 124702K, capacity 127407K, committed 128128K, reserved 1163264K
  class space    used 13982K, capacity 14841K, committed 14976K, reserved 1048576K
}
Event: 10403,281 GC heap after
{Heap after GC invocations=174 (full 0):
 garbage-first heap   total 237568K, used 149469K [0x00000000c0000000, 0x0000000100000000)
  region size 1024K, 4 young (4096K), 4 survivors (4096K)
 Metaspace       used 124702K, capacity 127407K, committed 128128K, reserved 1163264K
  class space    used 13982K, capacity 14841K, committed 14976K, reserved 1048576K
}
Event: 10404,227 GC heap before
{Heap before GC invocations=174 (full 0):
 garbage-first heap   total 237568K, used 192477K [0x00000000c0000000, 0x0000000100000000)
  region size 1024K, 46 young (47104K), 4 survivors (4096K)
 Metaspace       used 124708K, capacity 127407K, committed 128128K, reserved 1163264K
  class space    used 13982K, capacity 14841K, committed 14976K, reserved 1048576K
}

Deoptimization events (10 events):
Event: 10398,147 Thread 0x00007f8008130000 Uncommon trap: reason=unstable_if action=reinterpret pc=0x00007f801bf5801c method=com.android.tools.r8.ir.conversion.JarSourceCode.buildBlockTransfer(Lcom/android/tools/r8/ir/conversion/IRBuilder;IIZ)V @ 196 c2
Event: 10398,147 Thread 0x00007f8008130000 Uncommon trap: reason=unstable_if action=reinterpret pc=0x00007f801c5c7098 method=com.android.tools.r8.ir.conversion.JarSourceCode.buildBlockTransfer(Lcom/android/tools/r8/ir/conversion/IRBuilder;IIZ)V @ 196 c2
Event: 10398,147 Thread 0x00007f8008130000 Uncommon trap: reason=unstable_if action=reinterpret pc=0x00007f801c5982d4 method=com.android.tools.r8.ir.conversion.JarSourceCode.buildBlockTransfer(Lcom/android/tools/r8/ir/conversion/IRBuilder;IIZ)V @ 196 c2
Event: 10399,243 Thread 0x00007f800857c800 Uncommon trap: reason=unstable_if action=reinterpret pc=0x00007f801c57f5e8 method=com.android.tools.r8.ir.code.Instruction.identicalAfterRegisterAllocation(Lcom/android/tools/r8/ir/code/Instruction;Lcom/android/tools/r8/ir/regalloc/RegisterAllocator;)Z @ 
Event: 10400,173 Thread 0x00007f7fec03e000 Uncommon trap: reason=unstable_if action=reinterpret pc=0x00007f801c64e390 method=com.android.tools.r8.ir.optimize.CodeRewriter.commonSubexpressionElimination(Lcom/android/tools/r8/ir/code/IRCode;)V @ 201 c2
Event: 10403,528 Thread 0x00007f7fec03e000 Uncommon trap: reason=unstable_if action=reinterpret pc=0x00007f801bd79ca4 method=com.android.tools.r8.ir.optimize.CodeRewriter.ensureDirectStringNewToInit(Lcom/android/tools/r8/ir/code/IRCode;)V @ 103 c2
Event: 10404,153 Thread 0x00007f800857c800 Uncommon trap: reason=bimorphic_or_optimized_type_check action=maybe_recompile pc=0x00007f801c73aefc method=com.android.tools.r8.ir.code.ArithmeticBinop.evaluate(Lcom/android/tools/r8/ir/code/IRCode;Ljava/util/function/Function;)Lcom/android/tools/r8/ir/a
Event: 10404,153 Thread 0x00007f800857c800 Uncommon trap: reason=class_check action=maybe_recompile pc=0x00007f801c6d5298 method=com.android.tools.r8.ir.optimize.DeadCodeRemover.removeDeadPhis(Ljava/util/Queue;Lcom/android/tools/r8/ir/code/BasicBlock;Lcom/android/tools/r8/utils/InternalOptions;)V 
Event: 10404,153 Thread 0x00007f800857c800 Uncommon trap: reason=class_check action=maybe_recompile pc=0x00007f801c6d5298 method=com.android.tools.r8.ir.optimize.DeadCodeRemover.removeDeadPhis(Ljava/util/Queue;Lcom/android/tools/r8/ir/code/BasicBlock;Lcom/android/tools/r8/utils/InternalOptions;)V 
Event: 10404,183 Thread 0x00007f800857c800 Uncommon trap: reason=unstable_if action=reinterpret pc=0x00007f801c528630 method=com.android.tools.r8.ir.conversion.JarState$Slot.getArrayElementType()Lcom/android/tools/r8/org/objectweb/asm/Type; @ 53 c2

Classes redefined (0 events):
No events

Internal exceptions (10 events):
Event: 10372,024 Thread 0x00007f800857c800 Exception <a 'java/lang/NoSuchMethodError'{0x00000000cbf11638}: java.lang.invoke.DirectMethodHandle$Holder.invokeInterface(Ljava/lang/Object;Ljava/lang/Object;I)I> (0x00000000cbf11638) thrown at [/build/openjdk-lts-Ae5PRQ/openjdk-lts-10.0.2+13/src/hotspot
Event: 10374,104 Thread 0x00007f7fa1310000 Exception <a 'java/io/IOException'{0x00000000cbc2f2c0}> (0x00000000cbc2f2c0) thrown at [/build/openjdk-lts-Ae5PRQ/openjdk-lts-10.0.2+13/src/hotspot/share/prims/jni.cpp, line 611]
Event: 10377,778 Thread 0x00007f800857c800 Implicit null exception at 0x00007f801c4d43f0 to 0x00007f801c4d979e
Event: 10379,104 Thread 0x00007f7fa1310000 Exception <a 'java/io/IOException'{0x00000000cb43add0}> (0x00000000cb43add0) thrown at [/build/openjdk-lts-Ae5PRQ/openjdk-lts-10.0.2+13/src/hotspot/share/prims/jni.cpp, line 611]
Event: 10384,104 Thread 0x00007f7fa1310000 Exception <a 'java/io/IOException'{0x00000000cb730070}> (0x00000000cb730070) thrown at [/build/openjdk-lts-Ae5PRQ/openjdk-lts-10.0.2+13/src/hotspot/share/prims/jni.cpp, line 611]
Event: 10384,208 Thread 0x00007f7fec03e000 Implicit null exception at 0x00007f801b6e4b60 to 0x00007f801b6e6952
Event: 10389,104 Thread 0x00007f7fa1310000 Exception <a 'java/io/IOException'{0x00000000cbfe7b90}> (0x00000000cbfe7b90) thrown at [/build/openjdk-lts-Ae5PRQ/openjdk-lts-10.0.2+13/src/hotspot/share/prims/jni.cpp, line 611]
Event: 10394,104 Thread 0x00007f7fa1310000 Exception <a 'java/io/IOException'{0x00000000cbd1b7f8}> (0x00000000cbd1b7f8) thrown at [/build/openjdk-lts-Ae5PRQ/openjdk-lts-10.0.2+13/src/hotspot/share/prims/jni.cpp, line 611]
Event: 10399,111 Thread 0x00007f7fa1310000 Exception <a 'java/io/IOException'{0x00000000cc3e8290}> (0x00000000cc3e8290) thrown at [/build/openjdk-lts-Ae5PRQ/openjdk-lts-10.0.2+13/src/hotspot/share/prims/jni.cpp, line 611]
Event: 10404,104 Thread 0x00007f7fa1310000 Exception <a 'java/io/IOException'{0x00000000ccfd9290}> (0x00000000ccfd9290) thrown at [/build/openjdk-lts-Ae5PRQ/openjdk-lts-10.0.2+13/src/hotspot/share/prims/jni.cpp, line 611]

Events (10 events):
Event: 10404,153 Thread 0x00007f800857c800 Uncommon trap: trap_request=0xffffffde fr.pc=0x00007f801c6d5298 relative=0x0000000000007298
Event: 10404,153 Thread 0x00007f800857c800 DEOPT PACKING pc=0x00007f801c6d5298 sp=0x00007f7f8f128840
Event: 10404,153 Thread 0x00007f800857c800 DEOPT UNPACKING pc=0x00007f8013b4cf25 sp=0x00007f7f8f128878 mode 2
Event: 10404,153 Thread 0x00007f800857c800 Uncommon trap: trap_request=0xffffffde fr.pc=0x00007f801c6d5298 relative=0x0000000000007298
Event: 10404,153 Thread 0x00007f800857c800 DEOPT PACKING pc=0x00007f801c6d5298 sp=0x00007f7f8f128840
Event: 10404,153 Thread 0x00007f800857c800 DEOPT UNPACKING pc=0x00007f8013b4cf25 sp=0x00007f7f8f128878 mode 2
Event: 10404,183 Thread 0x00007f800857c800 Uncommon trap: trap_request=0xffffff55 fr.pc=0x00007f801c528630 relative=0x0000000000002bb0
Event: 10404,183 Thread 0x00007f800857c800 DEOPT PACKING pc=0x00007f801c528630 sp=0x00007f7f8f128720
Event: 10404,183 Thread 0x00007f800857c800 DEOPT UNPACKING pc=0x00007f8013b4cf25 sp=0x00007f7f8f128670 mode 2
Event: 10404,226 Executing VM operation: G1IncCollectionPause


Dynamic libraries:
c0000000-ce800000 rw-p 00000000 00:00 0 
e2500000-100000000 ---p 00000000 00:00 0 
100000000-100ea0000 rw-p 00000000 00:00 0 
100ea0000-140000000 ---p 00000000 00:00 0 
559a8e481000-559a8e482000 r-xp 00000000 08:02 12192720                   /usr/lib/jvm/java-11-openjdk-amd64/bin/java
559a8e682000-559a8e683000 r--p 00001000 08:02 12192720                   /usr/lib/jvm/java-11-openjdk-amd64/bin/java
559a8e683000-559a8e684000 rw-p 00002000 08:02 12192720                   /usr/lib/jvm/java-11-openjdk-amd64/bin/java
559a8ff8a000-559a90124000 rw-p 00000000 00:00 0                          [heap]
7f7f89668000-7f7f896e8000 rw-p 00000000 00:00 0 
7f7f896e8000-7f7f89868000 ---p 00000000 00:00 0 
7f7f89868000-7f7f89a68000 rw-p 00000000 00:00 0 
7f7f89a68000-7f7f89c68000 rw-p 00000000 00:00 0 
7f7f89c68000-7f7f89e68000 rw-p 00000000 00:00 0 
7f7f89e68000-7f7f8a068000 rw-p 00000000 00:00 0 
7f7f8a068000-7f7f8cf06000 rw-p 00000000 00:00 0 
7f7f8cf06000-7f7f8d106000 rw-p 00000000 00:00 0 
7f7f8d106000-7f7f8d306000 rw-p 00000000 00:00 0 
7f7f8d306000-7f7f8d506000 rw-p 00000000 00:00 0 
7f7f8d506000-7f7f8d51e000 r-xp 00000000 08:02 3675738                    /tmp/jna-1625386582/jna7557478932557068349.tmp (deleted)
7f7f8d51e000-7f7f8d71e000 ---p 00018000 08:02 3675738                    /tmp/jna-1625386582/jna7557478932557068349.tmp (deleted)
7f7f8d71e000-7f7f8d71f000 rw-p 00018000 08:02 3675738                    /tmp/jna-1625386582/jna7557478932557068349.tmp (deleted)
7f7f8d71f000-7f7f8d91f000 rw-p 00000000 00:00 0 
7f7f8d91f000-7f7f8db1f000 rw-p 00000000 00:00 0 
7f7f8db1f000-7f7f8dd1f000 rw-p 00000000 00:00 0 
7f7f8dd1f000-7f7f8df1f000 rw-p 00000000 00:00 0 
7f7f8df1f000-7f7f8e11f000 rw-p 00000000 00:00 0 
7f7f8e11f000-7f7f8e31f000 rw-p 00000000 00:00 0 
7f7f8e31f000-7f7f8e323000 ---p 00000000 00:00 0 
7f7f8e323000-7f7f8e420000 rw-p 00000000 00:00 0 
7f7f8e420000-7f7f8e424000 ---p 00000000 00:00 0 
7f7f8e424000-7f7f8e521000 rw-p 00000000 00:00 0 
7f7f8e521000-7f7f8e525000 ---p 00000000 00:00 0 
7f7f8e525000-7f7f8e622000 rw-p 00000000 00:00 0 
7f7f8e622000-7f7f8e626000 ---p 00000000 00:00 0 
7f7f8e626000-7f7f8e723000 rw-p 00000000 00:00 0 
7f7f8e723000-7f7f8e727000 ---p 00000000 00:00 0 
7f7f8e727000-7f7f8e824000 rw-p 00000000 00:00 0 
7f7f8e824000-7f7f8e828000 ---p 00000000 00:00 0 
7f7f8e828000-7f7f8e925000 rw-p 00000000 00:00 0 
7f7f8e925000-7f7f8e929000 ---p 00000000 00:00 0 
7f7f8e929000-7f7f8ea26000 rw-p 00000000 00:00 0 
7f7f8ea26000-7f7f8ea2a000 ---p 00000000 00:00 0 
7f7f8ea2a000-7f7f8ed27000 rw-p 00000000 00:00 0 
7f7f8ed27000-7f7f8ed2b000 ---p 00000000 00:00 0 
7f7f8ed2b000-7f7f8ee28000 rw-p 00000000 00:00 0 
7f7f8ee28000-7f7f8ee2c000 ---p 00000000 00:00 0 
7f7f8ee2c000-7f7f8ef29000 rw-p 00000000 00:00 0 
7f7f8ef29000-7f7f8ef2d000 ---p 00000000 00:00 0 
7f7f8ef2d000-7f7f8f02a000 rw-p 00000000 00:00 0 
7f7f8f02a000-7f7f8f02e000 ---p 00000000 00:00 0 
7f7f8f02e000-7f7f8f12b000 rw-p 00000000 00:00 0 
7f7f8f12b000-7f7f8f12f000 ---p 00000000 00:00 0 
7f7f8f12f000-7f7f8f42c000 rw-p 00000000 00:00 0 
7f7f8f42c000-7f7f8f62c000 rw-p 00000000 00:00 0 
7f7f8f62c000-7f7f8f82c000 rw-p 00000000 00:00 0 
7f7f8f82c000-7f7f8fa2c000 rw-p 00000000 00:00 0 
7f7f8fa2c000-7f7f8fc2c000 rw-p 00000000 00:00 0 
7f7f8fc2c000-7f7f8fe2c000 rw-p 00000000 00:00 0 
7f7f8fe2c000-7f7f9002c000 rw-p 00000000 00:00 0 
7f7f9002c000-7f7f9022c000 rw-p 00000000 00:00 0 
7f7f9022c000-7f7f90230000 ---p 00000000 00:00 0 
7f7f90230000-7f7f9032d000 rw-p 00000000 00:00 0 
7f7f9032d000-7f7f90331000 ---p 00000000 00:00 0 
7f7f90331000-7f7f9042e000 rw-p 00000000 00:00 0 
7f7f9042e000-7f7f90432000 ---p 00000000 00:00 0 
7f7f90432000-7f7f9052f000 rw-p 00000000 00:00 0 
7f7f9052f000-7f7f90533000 ---p 00000000 00:00 0 
7f7f90533000-7f7f90830000 rw-p 00000000 00:00 0 
7f7f90830000-7f7f90847000 r-xp 00000000 08:02 4587993                    /lib/x86_64-linux-gnu/libresolv-2.27.so
7f7f90847000-7f7f90a47000 ---p 00017000 08:02 4587993                    /lib/x86_64-linux-gnu/libresolv-2.27.so
7f7f90a47000-7f7f90a48000 r--p 00017000 08:02 4587993                    /lib/x86_64-linux-gnu/libresolv-2.27.so
7f7f90a48000-7f7f90a49000 rw-p 00018000 08:02 4587993                    /lib/x86_64-linux-gnu/libresolv-2.27.so
7f7f90a49000-7f7f90a4b000 rw-p 00000000 00:00 0 
7f7f90a4b000-7f7f90a50000 r-xp 00000000 08:02 4588038                    /lib/x86_64-linux-gnu/libnss_dns-2.27.so
7f7f90a50000-7f7f90c50000 ---p 00005000 08:02 4588038                    /lib/x86_64-linux-gnu/libnss_dns-2.27.so
7f7f90c50000-7f7f90c51000 r--p 00005000 08:02 4588038                    /lib/x86_64-linux-gnu/libnss_dns-2.27.so
7f7f90c51000-7f7f90c52000 rw-p 00006000 08:02 4588038                    /lib/x86_64-linux-gnu/libnss_dns-2.27.so
7f7f90c52000-7f7f90c54000 r-xp 00000000 08:02 4588008                    /lib/x86_64-linux-gnu/libnss_mdns4_minimal.so.2
7f7f90c54000-7f7f90e53000 ---p 00002000 08:02 4588008                    /lib/x86_64-linux-gnu/libnss_mdns4_minimal.so.2
7f7f90e53000-7f7f90e54000 r--p 00001000 08:02 4588008                    /lib/x86_64-linux-gnu/libnss_mdns4_minimal.so.2
7f7f90e54000-7f7f90e55000 rw-p 00002000 08:02 4588008                    /lib/x86_64-linux-gnu/libnss_mdns4_minimal.so.2
7f7f90e55000-7f7f91055000 rw-p 00000000 00:00 0 
7f7f91055000-7f7f9107d000 r-xp 00000000 08:02 12192820                   /usr/lib/jvm/java-11-openjdk-amd64/lib/libsunec.so
7f7f9107d000-7f7f9127d000 ---p 00028000 08:02 12192820                   /usr/lib/jvm/java-11-openjdk-amd64/lib/libsunec.so
7f7f9127d000-7f7f91281000 r--p 00028000 08:02 12192820                   /usr/lib/jvm/java-11-openjdk-amd64/lib/libsunec.so
7f7f91281000-7f7f91282000 rw-p 0002c000 08:02 12192820                   /usr/lib/jvm/java-11-openjdk-amd64/lib/libsunec.so
7f7f91282000-7f7f91482000 rw-p 00000000 00:00 0 
7f7f91482000-7f7f91486000 ---p 00000000 00:00 0 
7f7f91486000-7f7f91583000 rw-p 00000000 00:00 0 
7f7f91583000-7f7f91587000 ---p 00000000 00:00 0 
7f7f91587000-7f7f91684000 rw-p 00000000 00:00 0 
7f7f91684000-7f7f91688000 ---p 00000000 00:00 0 
7f7f91688000-7f7f91785000 rw-p 00000000 00:00 0 
7f7f91785000-7f7f91789000 ---p 00000000 00:00 0 
7f7f91789000-7f7f91886000 rw-p 00000000 00:00 0 
7f7f91886000-7f7f9188a000 ---p 00000000 00:00 0 
7f7f9188a000-7f7f91987000 rw-p 00000000 00:00 0 
7f7f919f6000-7f7f919fa000 ---p 00000000 00:00 0 
7f7f919fa000-7f7f91af7000 rw-p 00000000 00:00 0 
7f7f91af7000-7f7f91afb000 ---p 00000000 00:00 0 
7f7f91afb000-7f7f91df8000 rw-p 00000000 00:00 0 
7f7f91df8000-7f7f91dfc000 ---p 00000000 00:00 0 
7f7f91dfc000-7f7f920f9000 rw-p 00000000 00:00 0 
7f7f920f9000-7f7f922f9000 rw-p 00000000 00:00 0 
7f7f922f9000-7f7f924f9000 rw-p 00000000 00:00 0 
7f7f924f9000-7f7f926f9000 rw-p 00000000 00:00 0 
7f7f926f9000-7f7f928f9000 rw-p 00000000 00:00 0 
7f7f928f9000-7f7f92af9000 rw-p 00000000 00:00 0 
7f7f92af9000-7f7f92cf9000 rw-p 00000000 00:00 0 
7f7f92cf9000-7f7f92ef9000 rw-p 00000000 00:00 0 
7f7f92ef9000-7f7f930f9000 rw-p 00000000 00:00 0 
7f7f930f9000-7f7f932f9000 rw-p 00000000 00:00 0 
7f7f932f9000-7f7f932fd000 ---p 00000000 00:00 0 
7f7f932fd000-7f7f935fa000 rw-p 00000000 00:00 0 
7f7f935fa000-7f7f937fa000 rw-p 00000000 00:00 0 
7f7f937fa000-7f7f937fe000 ---p 00000000 00:00 0 
7f7f937fe000-7f7f938fb000 rw-p 00000000 00:00 0 
7f7f938fb000-7f7f938ff000 ---p 00000000 00:00 0 
7f7f938ff000-7f7f939fc000 rw-p 00000000 00:00 0 
7f7f939fc000-7f7f93a00000 ---p 00000000 00:00 0 
7f7f93a00000-7f7f93afd000 rw-p 00000000 00:00 0 
7f7f93afd000-7f7f93b01000 ---p 00000000 00:00 0 
7f7f93b01000-7f7f93dfe000 rw-p 00000000 00:00 0 
7f7f93dfe000-7f7f93e02000 ---p 00000000 00:00 0 
7f7f93e02000-7f7f93eff000 rw-p 00000000 00:00 0 
7f7f93eff000-7f7f93f03000 ---p 00000000 00:00 0 
7f7f93f03000-7f7f94000000 rw-p 00000000 00:00 0 
7f7f94000000-7f7f94021000 rw-p 00000000 00:00 0 
7f7f94021000-7f7f98000000 ---p 00000000 00:00 0 
7f7f98000000-7f7f98021000 rw-p 00000000 00:00 0 
7f7f98021000-7f7f9c000000 ---p 00000000 00:00 0 
7f7f9c000000-7f7f9c036000 rw-p 00000000 00:00 0 
7f7f9c036000-7f7fa0000000 ---p 00000000 00:00 0 
7f7fa0000000-7f7fa1624000 rw-p 00000000 00:00 0 
7f7fa1624000-7f7fa4000000 ---p 00000000 00:00 0 
7f7fa4000000-7f7fa4021000 rw-p 00000000 00:00 0 
7f7fa4021000-7f7fa8000000 ---p 00000000 00:00 0 
7f7fa8000000-7f7fa8047000 rw-p 00000000 00:00 0 
7f7fa8047000-7f7fac000000 ---p 00000000 00:00 0 
7f7fac000000-7f7fad169000 rw-p 00000000 00:00 0 
7f7fad169000-7f7fb0000000 ---p 00000000 00:00 0 
7f7fb0000000-7f7fb0021000 rw-p 00000000 00:00 0 
7f7fb0021000-7f7fb4000000 ---p 00000000 00:00 0 
7f7fb4000000-7f7fb423c000 rw-p 00000000 00:00 0 
7f7fb423c000-7f7fb8000000 ---p 00000000 00:00 0 
7f7fb8000000-7f7fb8045000 rw-p 00000000 00:00 0 
7f7fb8045000-7f7fbc000000 ---p 00000000 00:00 0 
7f7fbc000000-7f7fbc046000 rw-p 00000000 00:00 0 
7f7fbc046000-7f7fc0000000 ---p 00000000 00:00 0 
7f7fc0000000-7f7fc01af000 rw-p 00000000 00:00 0 
7f7fc01af000-7f7fc4000000 ---p 00000000 00:00 0 
7f7fc4000000-7f7fc6576000 rw-p 00000000 00:00 0 
7f7fc6576000-7f7fc8000000 ---p 00000000 00:00 0 
7f7fc8000000-7f7fc8a34000 rw-p 00000000 00:00 0 
7f7fc8a34000-7f7fcc000000 ---p 00000000 00:00 0 
7f7fcc000000-7f7fcc8ab000 rw-p 00000000 00:00 0 
7f7fcc8ab000-7f7fd0000000 ---p 00000000 00:00 0 
7f7fd0000000-7f7fd25f1000 rw-p 00000000 00:00 0 
7f7fd25f1000-7f7fd4000000 ---p 00000000 00:00 0 
7f7fd4000000-7f7fd407e000 rw-p 00000000 00:00 0 
7f7fd407e000-7f7fd8000000 ---p 00000000 00:00 0 
7f7fd8000000-7f7fd806b000 rw-p 00000000 00:00 0 
7f7fd806b000-7f7fdc000000 ---p 00000000 00:00 0 
7f7fdc000000-7f7fdc51f000 rw-p 00000000 00:00 0 
7f7fdc51f000-7f7fe0000000 ---p 00000000 00:00 0 
7f7fe00ae000-7f7fe00b2000 ---p 00000000 00:00 0 
7f7fe00b2000-7f7fe03af000 rw-p 00000000 00:00 0 
7f7fe03af000-7f7fe05af000 rw-p 00000000 00:00 0 
7f7fe05af000-7f7fe07af000 rw-p 00000000 00:00 0 
7f7fe07af000-7f7fe09af000 rw-p 00000000 00:00 0 
7f7fe09af000-7f7fe0baf000 rw-p 00000000 00:00 0 
7f7fe0baf000-7f7fe0daf000 rw-p 00000000 00:00 0 
7f7fe0daf000-7f7fe0db3000 ---p 00000000 00:00 0 
7f7fe0db3000-7f7fe0eb0000 rw-p 00000000 00:00 0 
7f7fe0eb0000-7f7fe0eb4000 ---p 00000000 00:00 0 
7f7fe0eb4000-7f7fe0fb1000 rw-p 00000000 00:00 0 
7f7fe0fb1000-7f7fe0fb5000 ---p 00000000 00:00 0 
7f7fe0fb5000-7f7fe10b2000 rw-p 00000000 00:00 0 
7f7fe10b2000-7f7fe10b6000 ---p 00000000 00:00 0 
7f7fe10b6000-7f7fe13b3000 rw-p 00000000 00:00 0 
7f7fe13b3000-7f7fe13b7000 ---p 00000000 00:00 0 
7f7fe13b7000-7f7fe16b4000 rw-p 00000000 00:00 0 
7f7fe16b4000-7f7fe16b8000 ---p 00000000 00:00 0 
7f7fe16b8000-7f7fe17b5000 rw-p 00000000 00:00 0 
7f7fe17b5000-7f7fe17b9000 ---p 00000000 00:00 0 
7f7fe17b9000-7f7fe18b6000 rw-p 00000000 00:00 0 
7f7fe18b6000-7f7fe18ba000 ---p 00000000 00:00 0 
7f7fe18ba000-7f7fe19b7000 rw-p 00000000 00:00 0 
7f7fe19b7000-7f7fe19bb000 ---p 00000000 00:00 0 
7f7fe19bb000-7f7fe1ab8000 rw-p 00000000 00:00 0 
7f7fe1ab8000-7f7fe1abc000 ---p 00000000 00:00 0 
7f7fe1abc000-7f7fe1bb9000 rw-p 00000000 00:00 0 
7f7fe1bb9000-7f7fe1bbd000 ---p 00000000 00:00 0 
7f7fe1bbd000-7f7fe1cba000 rw-p 00000000 00:00 0 
7f7fe1cba000-7f7fe1cbe000 ---p 00000000 00:00 0 
7f7fe1cbe000-7f7fe1dbb000 rw-p 00000000 00:00 0 
7f7fe1dbb000-7f7fe1dbc000 r-xp 00000000 08:02 12192795                   /usr/lib/jvm/java-11-openjdk-amd64/lib/libextnet.so
7f7fe1dbc000-7f7fe1fbb000 ---p 00001000 08:02 12192795                   /usr/lib/jvm/java-11-openjdk-amd64/lib/libextnet.so
7f7fe1fbb000-7f7fe1fbc000 r--p 00000000 08:02 12192795                   /usr/lib/jvm/java-11-openjdk-amd64/lib/libextnet.so
7f7fe1fbc000-7f7fe1fbd000 rw-p 00001000 08:02 12192795                   /usr/lib/jvm/java-11-openjdk-amd64/lib/libextnet.so
7f7fe1fbd000-7f7fe21bd000 rw-p 00000000 00:00 0 
7f7fe21bd000-7f7fe21c2000 r-xp 00000000 08:02 12192812                   /usr/lib/jvm/java-11-openjdk-amd64/lib/libmanagement_ext.so
7f7fe21c2000-7f7fe23c1000 ---p 00005000 08:02 12192812                   /usr/lib/jvm/java-11-openjdk-amd64/lib/libmanagement_ext.so
7f7fe23c1000-7f7fe23c2000 r--p 00004000 08:02 12192812                   /usr/lib/jvm/java-11-openjdk-amd64/lib/libmanagement_ext.so
7f7fe23c2000-7f7fe23c3000 rw-p 00005000 08:02 12192812                   /usr/lib/jvm/java-11-openjdk-amd64/lib/libmanagement_ext.so
7f7fe23c3000-7f7fe23c7000 r-xp 00000000 08:02 12192810                   /usr/lib/jvm/java-11-openjdk-amd64/lib/libmanagement.so
7f7fe23c7000-7f7fe25c6000 ---p 00004000 08:02 12192810                   /usr/lib/jvm/java-11-openjdk-amd64/lib/libmanagement.so
7f7fe25c6000-7f7fe25c7000 r--p 00003000 08:02 12192810                   /usr/lib/jvm/java-11-openjdk-amd64/lib/libmanagement.so
7f7fe25c7000-7f7fe25c8000 rw-p 00004000 08:02 12192810                   /usr/lib/jvm/java-11-openjdk-amd64/lib/libmanagement.so
7f7fe25c8000-7f7fe27c8000 rw-p 00000000 00:00 0 
7f7fe27c8000-7f7fe29c8000 rw-p 00000000 00:00 0 
7f7fe29c8000-7f7fe29cd000 r-xp 00000000 08:02 24249070                   /home/danillom/.gradle/native/25/linux-amd64/libnative-platform.so
7f7fe29cd000-7f7fe2bcc000 ---p 00005000 08:02 24249070                   /home/danillom/.gradle/native/25/linux-amd64/libnative-platform.so
7f7fe2bcc000-7f7fe2bcd000 rw-p 00004000 08:02 24249070                   /home/danillom/.gradle/native/25/linux-amd64/libnative-platform.so
7f7fe2bcd000-7f7fe2be4000 r-xp 00000000 08:02 12192814                   /usr/lib/jvm/java-11-openjdk-amd64/lib/libnet.so
7f7fe2be4000-7f7fe2de3000 ---p 00017000 08:02 12192814                   /usr/lib/jvm/java-11-openjdk-amd64/lib/libnet.so
7f7fe2de3000-7f7fe2de4000 r--p 00016000 08:02 12192814                   /usr/lib/jvm/java-11-openjdk-amd64/lib/libnet.so
7f7fe2de4000-7f7fe2de5000 rw-p 00017000 08:02 12192814                   /usr/lib/jvm/java-11-openjdk-amd64/lib/libnet.so
7f7fe2de5000-7f7fe2df6000 r-xp 00000000 08:02 12192815                   /usr/lib/jvm/java-11-openjdk-amd64/lib/libnio.so
7f7fe2df6000-7f7fe2ff5000 ---p 00011000 08:02 12192815                   /usr/lib/jvm/java-11-openjdk-amd64/lib/libnio.so
7f7fe2ff5000-7f7fe2ff6000 r--p 00010000 08:02 12192815                   /usr/lib/jvm/java-11-openjdk-amd64/lib/libnio.so
7f7fe2ff6000-7f7fe2ff7000 rw-p 00011000 08:02 12192815                   /usr/lib/jvm/java-11-openjdk-amd64/lib/libnio.so
7f7fe2ff7000-7f7fe2ff8000 ---p 00000000 00:00 0 
7f7fe2ff8000-7f7fe30f9000 rw-p 00000000 00:00 0 
7f7fe30f9000-7f7fe30fd000 ---p 00000000 00:00 0 
7f7fe30fd000-7f7fe31fa000 rw-p 00000000 00:00 0 
7f7fe31fa000-7f7fe31fe000 ---p 00000000 00:00 0 
7f7fe31fe000-7f7fe32fb000 rw-p 00000000 00:00 0 
7f7fe32fb000-7f7fe32ff000 ---p 00000000 00:00 0 
7f7fe32ff000-7f7fe33fc000 rw-p 00000000 00:00 0 
7f7fe33fc000-7f7fe3400000 ---p 00000000 00:00 0 
7f7fe3400000-7f7fe34fd000 rw-p 00000000 00:00 0 
7f7fe34fd000-7f7fe3501000 ---p 00000000 00:00 0 
7f7fe3501000-7f7fe35fe000 rw-p 00000000 00:00 0 
7f7fe35fe000-7f7fe3602000 ---p 00000000 00:00 0 
7f7fe3602000-7f7fe36ff000 rw-p 00000000 00:00 0 
7f7fe36ff000-7f7fe3703000 ---p 00000000 00:00 0 
7f7fe3703000-7f7fe4000000 rw-p 00000000 00:00 0 
7f7fe4000000-7f7fe4021000 rw-p 00000000 00:00 0 
7f7fe4021000-7f7fe8000000 ---p 00000000 00:00 0 
7f7fe8000000-7f7fe8021000 rw-p 00000000 00:00 0 
7f7fe8021000-7f7fec000000 ---p 00000000 00:00 0 
7f7fec000000-7f7fece9c000 rw-p 00000000 00:00 0 
7f7fece9c000-7f7ff0000000 ---p 00000000 00:00 0 
7f7ff0000000-7f7ff0021000 rw-p 00000000 00:00 0 
7f7ff0021000-7f7ff4000000 ---p 00000000 00:00 0 
7f7ff4000000-7f7ff4021000 rw-p 00000000 00:00 0 
7f7ff4021000-7f7ff8000000 ---p 00000000 00:00 0 
7f7ff8000000-7f7ff8080000 rw-p 00000000 00:00 0 
7f7ff8080000-7f7ffc000000 ---p 00000000 00:00 0 
7f7ffc000000-7f7ffc0a0000 rw-p 00000000 00:00 0 
7f7ffc0a0000-7f8000000000 ---p 00000000 00:00 0 
7f8000000000-7f8000021000 rw-p 00000000 00:00 0 
7f8000021000-7f8004000000 ---p 00000000 00:00 0 
7f8004000000-7f8004092000 rw-p 00000000 00:00 0 
7f8004092000-7f8008000000 ---p 00000000 00:00 0 
7f8008000000-7f8008ec7000 rw-p 00000000 00:00 0 
7f8008ec7000-7f800c000000 ---p 00000000 00:00 0 
7f800c000000-7f800c0c9000 rw-p 00000000 00:00 0 
7f800c0c9000-7f8010000000 ---p 00000000 00:00 0 
7f8010080000-7f8010084000 ---p 00000000 00:00 0 
7f8010084000-7f80100a2000 rw-p 00000000 00:00 0 
7f80100a2000-7f80100a6000 ---p 00000000 00:00 0 
7f80100a6000-7f80100c4000 rw-p 00000000 00:00 0 
7f80100c4000-7f80103a3000 r--p 00000000 08:02 11929832                   /usr/lib/locale/locale-archive
7f80103a3000-7f80103a7000 ---p 00000000 00:00 0 
7f80103a7000-7f80104a4000 rw-p 00000000 00:00 0 
7f80104a4000-7f80104a8000 ---p 00000000 00:00 0 
7f80104a8000-7f80105a5000 rw-p 00000000 00:00 0 
7f80105a5000-7f80105a6000 ---p 00000000 00:00 0 
7f80105a6000-7f801071d000 rw-p 00000000 00:00 0 
7f801071d000-7f801071e000 ---p 00000000 00:00 0 
7f801071e000-7f801081f000 rw-p 00000000 00:00 0 
7f801081f000-7f8010820000 ---p 00000000 00:00 0 
7f8010820000-7f8010921000 rw-p 00000000 00:00 0 
7f8010921000-7f8010922000 ---p 00000000 00:00 0 
7f8010922000-7f8010a23000 rw-p 00000000 00:00 0 
7f8010a23000-7f8010a24000 ---p 00000000 00:00 0 
7f8010a24000-7f8012ec5000 rw-p 00000000 00:00 0 
7f8012ec5000-7f8013b25000 ---p 00000000 00:00 0 
7f8013b25000-7f8013d95000 rwxp 00000000 00:00 0 
7f8013d95000-7f80140b5000 ---p 00000000 00:00 0 
7f80140b5000-7f80168e5000 rwxp 00000000 00:00 0 
7f80168e5000-7f801b5ed000 ---p 00000000 00:00 0 
7f801b5ed000-7f801c87d000 rwxp 00000000 00:00 0 
7f801c87d000-7f8022b25000 ---p 00000000 00:00 0 
7f8022b25000-7f802c000000 r--s 00000000 08:02 12192824                   /usr/lib/jvm/java-11-openjdk-amd64/lib/modules
7f802c000000-7f802ced2000 rw-p 00000000 00:00 0 
7f802ced2000-7f8030000000 ---p 00000000 00:00 0 
7f8030002000-7f8030006000 ---p 00000000 00:00 0 
7f8030006000-7f8030024000 rw-p 00000000 00:00 0 
7f8030024000-7f8030028000 ---p 00000000 00:00 0 
7f8030028000-7f80300a1000 rw-p 00000000 00:00 0 
7f80300a1000-7f80300a2000 ---p 00000000 00:00 0 
7f80300a2000-7f80305a7000 rw-p 00000000 00:00 0 
7f80305a7000-7f80305a8000 ---p 00000000 00:00 0 
7f80305a8000-7f80306a9000 rw-p 00000000 00:00 0 
7f80306a9000-7f80306aa000 ---p 00000000 00:00 0 
7f80306aa000-7f8030b4b000 rw-p 00000000 00:00 0 
7f8030b4b000-7f80317ab000 ---p 00000000 00:00 0 
7f80317ab000-7f803181f000 rw-p 00000000 00:00 0 
7f803181f000-7f80319ab000 ---p 00000000 00:00 0 
7f80319ab000-7f8031a1f000 rw-p 00000000 00:00 0 
7f8031a1f000-7f8031bab000 ---p 00000000 00:00 0 
7f8031bab000-7f8031c1f000 rw-p 00000000 00:00 0 
7f8031c1f000-7f8031dab000 ---p 00000000 00:00 0 
7f8031dab000-7f80321af000 rw-p 00000000 00:00 0 
7f80321af000-7f80321b0000 ---p 00000000 00:00 0 
7f80321b0000-7f80322b1000 rw-p 00000000 00:00 0 
7f80322b1000-7f80322b2000 ---p 00000000 00:00 0 
7f80322b2000-7f80323b3000 rw-p 00000000 00:00 0 
7f80323b3000-7f80323b4000 ---p 00000000 00:00 0 
7f80323b4000-7f80324b5000 rw-p 00000000 00:00 0 
7f80324b5000-7f80324b6000 ---p 00000000 00:00 0 
7f80324b6000-7f80325dd000 rw-p 00000000 00:00 0 
7f80325dd000-7f80326a2000 ---p 00000000 00:00 0 
7f80326a2000-7f80326f3000 rw-p 00000000 00:00 0 
7f80326f3000-7f803278d000 ---p 00000000 00:00 0 
7f803278d000-7f8032792000 r-xp 00000000 08:02 12192806                   /usr/lib/jvm/java-11-openjdk-amd64/lib/libjimage.so
7f8032792000-7f8032991000 ---p 00005000 08:02 12192806                   /usr/lib/jvm/java-11-openjdk-amd64/lib/libjimage.so
7f8032991000-7f8032992000 r--p 00004000 08:02 12192806                   /usr/lib/jvm/java-11-openjdk-amd64/lib/libjimage.so
7f8032992000-7f8032993000 rw-p 00005000 08:02 12192806                   /usr/lib/jvm/java-11-openjdk-amd64/lib/libjimage.so
7f8032993000-7f803299a000 r-xp 00000000 08:02 12192823                   /usr/lib/jvm/java-11-openjdk-amd64/lib/libzip.so
7f803299a000-7f8032b99000 ---p 00007000 08:02 12192823                   /usr/lib/jvm/java-11-openjdk-amd64/lib/libzip.so
7f8032b99000-7f8032b9a000 r--p 00006000 08:02 12192823                   /usr/lib/jvm/java-11-openjdk-amd64/lib/libzip.so
7f8032b9a000-7f8032b9b000 rw-p 00007000 08:02 12192823                   /usr/lib/jvm/java-11-openjdk-amd64/lib/libzip.so
7f8032b9b000-7f8032ba6000 r-xp 00000000 08:02 4587921                    /lib/x86_64-linux-gnu/libnss_files-2.27.so
7f8032ba6000-7f8032da5000 ---p 0000b000 08:02 4587921                    /lib/x86_64-linux-gnu/libnss_files-2.27.so
7f8032da5000-7f8032da6000 r--p 0000a000 08:02 4587921                    /lib/x86_64-linux-gnu/libnss_files-2.27.so
7f8032da6000-7f8032da7000 rw-p 0000b000 08:02 4587921                    /lib/x86_64-linux-gnu/libnss_files-2.27.so
7f8032da7000-7f8032dad000 rw-p 00000000 00:00 0 
7f8032dad000-7f8032dc4000 r-xp 00000000 08:02 4587994                    /lib/x86_64-linux-gnu/libnsl-2.27.so
7f8032dc4000-7f8032fc3000 ---p 00017000 08:02 4587994                    /lib/x86_64-linux-gnu/libnsl-2.27.so
7f8032fc3000-7f8032fc4000 r--p 00016000 08:02 4587994                    /lib/x86_64-linux-gnu/libnsl-2.27.so
7f8032fc4000-7f8032fc5000 rw-p 00017000 08:02 4587994                    /lib/x86_64-linux-gnu/libnsl-2.27.so
7f8032fc5000-7f8032fc7000 rw-p 00000000 00:00 0 
7f8032fc7000-7f8032fd2000 r-xp 00000000 08:02 4588084                    /lib/x86_64-linux-gnu/libnss_nis-2.27.so
7f8032fd2000-7f80331d1000 ---p 0000b000 08:02 4588084                    /lib/x86_64-linux-gnu/libnss_nis-2.27.so
7f80331d1000-7f80331d2000 r--p 0000a000 08:02 4588084                    /lib/x86_64-linux-gnu/libnss_nis-2.27.so
7f80331d2000-7f80331d3000 rw-p 0000b000 08:02 4588084                    /lib/x86_64-linux-gnu/libnss_nis-2.27.so
7f80331d3000-7f80331db000 r-xp 00000000 08:02 4587919                    /lib/x86_64-linux-gnu/libnss_compat-2.27.so
7f80331db000-7f80333db000 ---p 00008000 08:02 4587919                    /lib/x86_64-linux-gnu/libnss_compat-2.27.so
7f80333db000-7f80333dc000 r--p 00008000 08:02 4587919                    /lib/x86_64-linux-gnu/libnss_compat-2.27.so
7f80333dc000-7f80333dd000 rw-p 00009000 08:02 4587919                    /lib/x86_64-linux-gnu/libnss_compat-2.27.so
7f80333dd000-7f8033409000 r-xp 00000000 08:02 12192802                   /usr/lib/jvm/java-11-openjdk-amd64/lib/libjava.so
7f8033409000-7f8033608000 ---p 0002c000 08:02 12192802                   /usr/lib/jvm/java-11-openjdk-amd64/lib/libjava.so
7f8033608000-7f8033609000 r--p 0002b000 08:02 12192802                   /usr/lib/jvm/java-11-openjdk-amd64/lib/libjava.so
7f8033609000-7f803360b000 rw-p 0002c000 08:02 12192802                   /usr/lib/jvm/java-11-openjdk-amd64/lib/libjava.so
7f803360b000-7f8033618000 r-xp 00000000 08:02 12192822                   /usr/lib/jvm/java-11-openjdk-amd64/lib/libverify.so
7f8033618000-7f8033817000 ---p 0000d000 08:02 12192822                   /usr/lib/jvm/java-11-openjdk-amd64/lib/libverify.so
7f8033817000-7f8033819000 r--p 0000c000 08:02 12192822                   /usr/lib/jvm/java-11-openjdk-amd64/lib/libverify.so
7f8033819000-7f803381a000 rw-p 0000e000 08:02 12192822                   /usr/lib/jvm/java-11-openjdk-amd64/lib/libverify.so
7f803381a000-7f8033821000 r-xp 00000000 08:02 4587892                    /lib/x86_64-linux-gnu/librt-2.27.so
7f8033821000-7f8033a20000 ---p 00007000 08:02 4587892                    /lib/x86_64-linux-gnu/librt-2.27.so
7f8033a20000-7f8033a21000 r--p 00006000 08:02 4587892                    /lib/x86_64-linux-gnu/librt-2.27.so
7f8033a21000-7f8033a22000 rw-p 00007000 08:02 4587892                    /lib/x86_64-linux-gnu/librt-2.27.so
7f8033a22000-7f8033a39000 r-xp 00000000 08:02 4587876                    /lib/x86_64-linux-gnu/libgcc_s.so.1
7f8033a39000-7f8033c38000 ---p 00017000 08:02 4587876                    /lib/x86_64-linux-gnu/libgcc_s.so.1
7f8033c38000-7f8033c39000 r--p 00016000 08:02 4587876                    /lib/x86_64-linux-gnu/libgcc_s.so.1
7f8033c39000-7f8033c3a000 rw-p 00017000 08:02 4587876                    /lib/x86_64-linux-gnu/libgcc_s.so.1
7f8033c3a000-7f8033dd7000 r-xp 00000000 08:02 4588044                    /lib/x86_64-linux-gnu/libm-2.27.so
7f8033dd7000-7f8033fd6000 ---p 0019d000 08:02 4588044                    /lib/x86_64-linux-gnu/libm-2.27.so
7f8033fd6000-7f8033fd7000 r--p 0019c000 08:02 4588044                    /lib/x86_64-linux-gnu/libm-2.27.so
7f8033fd7000-7f8033fd8000 rw-p 0019d000 08:02 4588044                    /lib/x86_64-linux-gnu/libm-2.27.so
7f8033fd8000-7f8034151000 r-xp 00000000 08:02 11934177                   /usr/lib/x86_64-linux-gnu/libstdc++.so.6.0.25
7f8034151000-7f8034351000 ---p 00179000 08:02 11934177                   /usr/lib/x86_64-linux-gnu/libstdc++.so.6.0.25
7f8034351000-7f803435b000 r--p 00179000 08:02 11934177                   /usr/lib/x86_64-linux-gnu/libstdc++.so.6.0.25
7f803435b000-7f803435d000 rw-p 00183000 08:02 11934177                   /usr/lib/x86_64-linux-gnu/libstdc++.so.6.0.25
7f803435d000-7f8034361000 rw-p 00000000 00:00 0 
7f8034361000-7f80352fe000 r-xp 00000000 08:02 12192827                   /usr/lib/jvm/java-11-openjdk-amd64/lib/server/libjvm.so
7f80352fe000-7f80354fe000 ---p 00f9d000 08:02 12192827                   /usr/lib/jvm/java-11-openjdk-amd64/lib/server/libjvm.so
7f80354fe000-7f80355c2000 r--p 00f9d000 08:02 12192827                   /usr/lib/jvm/java-11-openjdk-amd64/lib/server/libjvm.so
7f80355c2000-7f80355fa000 rw-p 01061000 08:02 12192827                   /usr/lib/jvm/java-11-openjdk-amd64/lib/server/libjvm.so
7f80355fa000-7f8035643000 rw-p 00000000 00:00 0 
7f8035643000-7f803565d000 r-xp 00000000 08:02 4588065                    /lib/x86_64-linux-gnu/libpthread-2.27.so
7f803565d000-7f803585c000 ---p 0001a000 08:02 4588065                    /lib/x86_64-linux-gnu/libpthread-2.27.so
7f803585c000-7f803585d000 r--p 00019000 08:02 4588065                    /lib/x86_64-linux-gnu/libpthread-2.27.so
7f803585d000-7f803585e000 rw-p 0001a000 08:02 4588065                    /lib/x86_64-linux-gnu/libpthread-2.27.so
7f803585e000-7f8035862000 rw-p 00000000 00:00 0 
7f8035862000-7f8035865000 r-xp 00000000 08:02 4587918                    /lib/x86_64-linux-gnu/libdl-2.27.so
7f8035865000-7f8035a64000 ---p 00003000 08:02 4587918                    /lib/x86_64-linux-gnu/libdl-2.27.so
7f8035a64000-7f8035a65000 r--p 00002000 08:02 4587918                    /lib/x86_64-linux-gnu/libdl-2.27.so
7f8035a65000-7f8035a66000 rw-p 00003000 08:02 4587918                    /lib/x86_64-linux-gnu/libdl-2.27.so
7f8035a66000-7f8035a82000 r-xp 00000000 08:02 4588002                    /lib/x86_64-linux-gnu/libz.so.1.2.11
7f8035a82000-7f8035c81000 ---p 0001c000 08:02 4588002                    /lib/x86_64-linux-gnu/libz.so.1.2.11
7f8035c81000-7f8035c82000 r--p 0001b000 08:02 4588002                    /lib/x86_64-linux-gnu/libz.so.1.2.11
7f8035c82000-7f8035c83000 rw-p 0001c000 08:02 4588002                    /lib/x86_64-linux-gnu/libz.so.1.2.11
7f8035c83000-7f8035e6a000 r-xp 00000000 08:02 4587882                    /lib/x86_64-linux-gnu/libc-2.27.so
7f8035e6a000-7f803606a000 ---p 001e7000 08:02 4587882                    /lib/x86_64-linux-gnu/libc-2.27.so
7f803606a000-7f803606e000 r--p 001e7000 08:02 4587882                    /lib/x86_64-linux-gnu/libc-2.27.so
7f803606e000-7f8036070000 rw-p 001eb000 08:02 4587882                    /lib/x86_64-linux-gnu/libc-2.27.so
7f8036070000-7f8036074000 rw-p 00000000 00:00 0 
7f8036074000-7f8036083000 r-xp 00000000 08:02 12192787                   /usr/lib/jvm/java-11-openjdk-amd64/lib/jli/libjli.so
7f8036083000-7f8036282000 ---p 0000f000 08:02 12192787                   /usr/lib/jvm/java-11-openjdk-amd64/lib/jli/libjli.so
7f8036282000-7f8036283000 r--p 0000e000 08:02 12192787                   /usr/lib/jvm/java-11-openjdk-amd64/lib/jli/libjli.so
7f8036283000-7f8036284000 rw-p 0000f000 08:02 12192787                   /usr/lib/jvm/java-11-openjdk-amd64/lib/jli/libjli.so
7f8036284000-7f80362ab000 r-xp 00000000 08:02 4588075                    /lib/x86_64-linux-gnu/ld-2.27.so
7f80362c1000-7f803637d000 rw-p 00000000 00:00 0 
7f803637d000-7f8036381000 ---p 00000000 00:00 0 
7f8036381000-7f8036480000 rw-p 00000000 00:00 0 
7f8036489000-7f803648a000 r--p 00000000 00:00 0 
7f803648a000-7f803648b000 rwxp 00000000 00:00 0 
7f803648b000-7f8036492000 r--s 00000000 08:02 12060595                   /usr/lib/x86_64-linux-gnu/gconv/gconv-modules.cache
7f8036492000-7f8036498000 rw-p 00000000 00:00 0 
7f8036498000-7f803649f000 ---p 00000000 00:00 0 
7f803649f000-7f80364a7000 rw-s 00000000 08:02 3675236                    /tmp/hsperfdata_danillom/12460
7f80364a7000-7f80364a8000 ---p 00000000 00:00 0 
7f80364a8000-7f80364a9000 r--p 00000000 00:00 0 
7f80364a9000-7f80364ab000 rw-p 00000000 00:00 0 
7f80364ab000-7f80364ac000 r--p 00027000 08:02 4588075                    /lib/x86_64-linux-gnu/ld-2.27.so
7f80364ac000-7f80364ad000 rw-p 00028000 08:02 4588075                    /lib/x86_64-linux-gnu/ld-2.27.so
7f80364ad000-7f80364ae000 rw-p 00000000 00:00 0 
7ffe86256000-7ffe86278000 rw-p 00000000 00:00 0                          [stack]
7ffe8630a000-7ffe8630d000 r--p 00000000 00:00 0                          [vvar]
7ffe8630d000-7ffe8630f000 r-xp 00000000 00:00 0                          [vdso]
ffffffffff600000-ffffffffff601000 r-xp 00000000 00:00 0                  [vsyscall]


VM Arguments:
jvm_args: --add-opens=java.base/java.util=ALL-UNNAMED -XX:+HeapDumpOnOutOfMemoryError -Xmx1024m -Dfile.encoding=UTF-8 -Duser.country=BR -Duser.language=pt -Duser.variant 
java_command: org.gradle.launcher.daemon.bootstrap.GradleDaemon 4.10.2
java_class_path (initial): /home/danillom/.gradle/wrapper/dists/gradle-4.10.2-all/9fahxiiecdb76a5g3aw9oi8rv/gradle-4.10.2/lib/gradle-launcher-4.10.2.jar
Launcher Type: SUN_STANDARD

Logging:
Log output configuration:
#0: stdout all=warning uptime,level,tags
#1: stderr all=off uptime,level,tags

Environment Variables:
PATH=/home/danillom/.sdkman/candidates/gradle/current/bin:/home/danillom/.nvm/versions/node/v10.15.3/bin:/home/danillom/apps/maven/apache-maven-3.6.0/bin:/usr/local/sbin:/usr/local/bin:/usr/sbin:/usr/bin:/sbin:/bin:/usr/games:/usr/local/games:/home/danillom/apps/android-studio/bin/:/home/danillom/Android/Sdk/platform-tools/
SHELL=/bin/bash
DISPLAY=:0

Signal Handlers:
SIGSEGV: [libjvm.so+0xd28b70], sa_mask[0]=11111111011111111101111111111110, sa_flags=SA_RESTART|SA_SIGINFO
SIGBUS: [libjvm.so+0xd28b70], sa_mask[0]=11111111011111111101111111111110, sa_flags=SA_RESTART|SA_SIGINFO
SIGFPE: [libjvm.so+0xd28b70], sa_mask[0]=11111111011111111101111111111110, sa_flags=SA_RESTART|SA_SIGINFO
SIGPIPE: [libjvm.so+0xb2a1f0], sa_mask[0]=11111111011111111101111111111110, sa_flags=SA_RESTART|SA_SIGINFO
SIGXFSZ: [libjvm.so+0xb2a1f0], sa_mask[0]=11111111011111111101111111111110, sa_flags=SA_RESTART|SA_SIGINFO
SIGILL: [libjvm.so+0xd28b70], sa_mask[0]=11111111011111111101111111111110, sa_flags=SA_RESTART|SA_SIGINFO
SIGUSR2: [libjvm.so+0xb2a030], sa_mask[0]=00100000000000000000000000000000, sa_flags=SA_RESTART|SA_SIGINFO
SIGHUP: [libjvm.so+0xb2a180], sa_mask[0]=11111111011111111101111111111110, sa_flags=SA_RESTART|SA_SIGINFO
SIGINT: [libjvm.so+0xb2a180], sa_mask[0]=11111111011111111101111111111110, sa_flags=SA_RESTART|SA_SIGINFO
SIGTERM: [libjvm.so+0xb2a180], sa_mask[0]=11111111011111111101111111111110, sa_flags=SA_RESTART|SA_SIGINFO
SIGQUIT: [libjvm.so+0xb2a180], sa_mask[0]=11111111011111111101111111111110, sa_flags=SA_RESTART|SA_SIGINFO


---------------  S Y S T E M  ---------------

OS:DISTRIB_ID=LinuxMint
DISTRIB_RELEASE=19
DISTRIB_CODENAME=tara
DISTRIB_DESCRIPTION="Linux Mint 19 Tara"
uname:Linux 4.15.0-39-generic #42-Ubuntu SMP Tue Oct 23 15:48:01 UTC 2018 x86_64
libc:glibc 2.27 NPTL 2.27 
rlimit: STACK 8192k, CORE 0k, NPROC 30488, NOFILE 1048576, AS infinity, DATA infinity, FSIZE infinity
load average:19,57 13,38 8,51

/proc/meminfo:
MemTotal:        7868832 kB
MemFree:          139560 kB
MemAvailable:      86152 kB
Buffers:            4136 kB
Cached:          1250516 kB
SwapCached:            0 kB
Active:          5932048 kB
Inactive:        1202764 kB
Active(anon):    5888108 kB
Inactive(anon):  1145004 kB
Active(file):      43940 kB
Inactive(file):    57760 kB
Unevictable:         520 kB
Mlocked:             520 kB
SwapTotal:             0 kB
SwapFree:              0 kB
Dirty:               452 kB
Writeback:          1880 kB
AnonPages:       5880768 kB
Mapped:           451896 kB
Shmem:           1155988 kB
Slab:             381044 kB
SReclaimable:      61360 kB
SUnreclaim:       319684 kB
KernelStack:       18752 kB
PageTables:        89356 kB
NFS_Unstable:          0 kB
Bounce:                0 kB
WritebackTmp:          0 kB
CommitLimit:     3934416 kB
Committed_AS:   16672656 kB
VmallocTotal:   34359738367 kB
VmallocUsed:           0 kB
VmallocChunk:          0 kB
HardwareCorrupted:     0 kB
AnonHugePages:     67584 kB
ShmemHugePages:        0 kB
ShmemPmdMapped:        0 kB
CmaTotal:              0 kB
CmaFree:               0 kB
HugePages_Total:       0
HugePages_Free:        0
HugePages_Rsvd:        0
HugePages_Surp:        0
Hugepagesize:       2048 kB
DirectMap4k:     6739300 kB
DirectMap2M:     1345536 kB

container (cgroup) information:
container_type: cgroupv1
cpu_cpuset_cpus: 0-3
cpu_memory_nodes: 0
active_processor_count: 4
cpu_quota: -1
cpu_period: 100000
cpu_shares: -1
memory_limit_in_bytes: -1
memory_and_swap_limit_in_bytes: -2
memory_soft_limit_in_bytes: -1
memory_usage_in_bytes: 7306674176
memory_max_usage_in_bytes: 1724260352


CPU:total 4 (initial active 4) (2 cores per cpu, 2 threads per core) family 6 model 58 stepping 9, cmov, cx8, fxsr, mmx, sse, sse2, sse3, ssse3, sse4.1, sse4.2, popcnt, avx, aes, clmul, erms, ht, tsc, tscinvbit, tscinv
CPU Model and flags from /proc/cpuinfo:
model name	: Intel(R) Core(TM) i7-3520M CPU @ 2.90GHz
flags		: fpu vme de pse tsc msr pae mce cx8 apic sep mtrr pge mca cmov pat pse36 clflush dts acpi mmx fxsr sse sse2 ss ht tm pbe syscall nx rdtscp lm constant_tsc arch_perfmon pebs bts rep_good nopl xtopology nonstop_tsc cpuid aperfmperf pni pclmulqdq dtes64 monitor ds_cpl vmx smx est tm2 ssse3 cx16 xtpr pdcm pcid sse4_1 sse4_2 x2apic popcnt tsc_deadline_timer aes xsave avx f16c rdrand lahf_lm cpuid_fault epb pti ssbd ibrs ibpb stibp tpr_shadow vnmi flexpriority ept vpid fsgsbase smep erms xsaveopt dtherm ida arat pln pts flush_l1d

Memory: 4k page, physical 7868832k(139436k free), swap 0k(0k free)

vm_info: OpenJDK 64-Bit Server VM (10.0.2+13-Ubuntu-1ubuntu0.18.04.4) for linux-amd64 JRE (10.0.2+13-Ubuntu-1ubuntu0.18.04.4), built on Nov 13 2018 12:53:39 by "buildd" with gcc 7.3.0

END.
